running src/format.py
Processing input/p046957_-_report_1.1_-_all_complaints_in_time_frame.xls file, of FOIA number FOIA P046957
Report 1.1
All Complaints in CRMS 
Incident Date From 01 Jan 2000 to 31 Dec 2002
Source Data: CRMS, produced on [datetime.datetime(2016, 10, 29, 0, 0)]
Processing input/p046957_-_report_1.1_-_all_complaints_in_time_frame.xls file, of FOIA number FOIA P046957
Report 1.1
All Complaints in CRMS 
Incident Date From 01 Jan 2000 to 31 Dec 2002
Source Data: CRMS, produced on [datetime.datetime(2016, 10, 29, 0, 0)]
Processing input/p046957_-_report_1.2_-_all_complaints_in_time_frame.xls file, of FOIA number FOIA P046957
Report 1.2
All Complaints in CRMS 
Incident Date From 01 Jan 2003 to 31 Dec 2005
Source Data: CRMS, produced on [datetime.datetime(2016, 10, 29, 0, 0)]
Processing input/p046957_-_report_1.2_-_all_complaints_in_time_frame.xls file, of FOIA number FOIA P046957
Report 1.2
All Complaints in CRMS 
Incident Date From 01 Jan 2003 to 31 Dec 2005
Source Data: CRMS, produced on [datetime.datetime(2016, 10, 29, 0, 0)]
Processing input/p046957_-_report_1.3_-_all_complaints_in_time_frame.xls file, of FOIA number FOIA P046957
Report 1.3
All Complaints in CRMS 
Incident Date From 01 Jan 2006 to 31 Dec 2008
Source Data: CRMS, produced on [datetime.datetime(2016, 10, 29, 0, 0)]
Processing input/p046957_-_report_1.3_-_all_complaints_in_time_frame.xls file, of FOIA number FOIA P046957
Report 1.3
All Complaints in CRMS 
Incident Date From 01 Jan 2006 to 31 Dec 2008
Source Data: CRMS, produced on [datetime.datetime(2016, 10, 29, 0, 0)]
Processing input/p046957_-_report_1.4_-_all_complaints_in_time_frame.xls file, of FOIA number FOIA P046957
Report 1.4
All Complaints in CRMS 
Incident Date From 01 Jan 2006 to 31 Dec 2008
Source Data: CRMS, produced on [datetime.datetime(2016, 10, 29, 0, 0)]
Processing input/p046957_-_report_1.4_-_all_complaints_in_time_frame.xls file, of FOIA number FOIA P046957
Report 1.4
All Complaints in CRMS 
Incident Date From 01 Jan 2006 to 31 Dec 2008
Source Data: CRMS, produced on [datetime.datetime(2016, 10, 29, 0, 0)]
Processing input/p046957_-_report_1.5_-_all_complaints_in_time_frame.xls file, of FOIA number FOIA P046957
Report 1.5
All Complaints in CRMS 
Incident Date From 01 Jan 2009 to 31 Dec 2011
Source Data: CRMS, produced on [datetime.datetime(2016, 10, 29, 0, 0)]
Processing input/p046957_-_report_1.5_-_all_complaints_in_time_frame.xls file, of FOIA number FOIA P046957
Report 1.5
All Complaints in CRMS 
Incident Date From 01 Jan 2009 to 31 Dec 2011
Source Data: CRMS, produced on [datetime.datetime(2016, 10, 29, 0, 0)]
Processing input/p046957_-_report_1.6_-_all_complaints_in_time_frame.xls file, of FOIA number FOIA P046957
Report 1.6
All Complaints in CRMS 
Incident Date From 01 Jan 2012 to 17 Jun 2016
Source Data: CRMS, produced on [datetime.datetime(2016, 10, 29, 0, 0)]
Processing input/p046957_-_report_1.6_-_all_complaints_in_time_frame.xls file, of FOIA number FOIA P046957
Report 1.6
All Complaints in CRMS 
Incident Date From 01 Jan 2012 to 17 Jun 2016
Source Data: CRMS, produced on [datetime.datetime(2016, 10, 29, 0, 0)]
Beginning import_data from dataframe with head(2): 
    cr_id             full_name current_unit          current_rank  \
0  258996     SCHWIEGER, STEVEN          013  LIEUTENANT OF POLICE   
1  258997  MULLIGAN JR, MICHAEL          008    SERGEANT OF POLICE   

  current_star       appointed_date  
0          NaN  1986-06-16 00:00:00  
1          NaN  1970-12-14 00:00:00  
Data shape = 130501 rows, 6 columns
ROWID column inserted
Column 'ROWID' was not cleaned.
Column 'cr_id' was not cleaned.
Column 'current_unit' cleaned as int using GeneralCleaners.
Column 'current_rank' was not cleaned.
Column 'current_star' cleaned as star using GeneralCleaners.
Column 'appointed_date' cleaned as date using DateTimeCleaners.
Column(s) '('full_name',)' cleaned as name(s) using NameCleaners.
Columns dropped due to all NA values: ('human_name', 'middle_name', 'middle_initial2', 'second_name')
Total rows: 130501
Unique id + conflict rows: 3198
Conflict rows: 0
Resolved conflcit UID count: 0
Total unique ids: 3198

Writing data with 130501 rows to output/complaints-investigators_2000-2016_2016-11.csv.gz with 3198 unique UIDs
