running src/merge.py
Beginning import_data from file(s): input/officer-reference.csv.gz
Data shape = 134794 rows, 27 columns
Beginning import_data from file(s): input/awards_1967-2017_2017-08.csv.gz
Data shape = 699912 rows, 28 columns
43796 rows dropped by filter query: likely_sworn_officer == 1
Keeping column(s): ['birth_year', 'gender', 'race', 'current_star', 'appointed_date', 'rank', 'last_promotion_date', 'resignation_date', 'first_name', 'first_name_NS', 'last_name', 'last_name_NS', 'middle_initial', 'middle_initial2', 'suffix_name', 'awards_1967-2017_2017-08_ID']
Unique data size = 26828
Adding column by exec("self._data["star"]=self._data["current_star"]")
Merge Report:
26749 Total Merged Pairs: 79.84% of ref and 99.74% of sup Merged.
6755 Unmerged in ref. 20.16% Unmerged.
69 Unmerged in sup. 0.26% Unmerged.

first_name_NS-last_name_NS-appointed_date-birth_year-middle_initial-gender-race                         12218
star-first_name_NS-last_name_NS-appointed_date-birth_year-middle_initial-gender-race                     8184
first_name_NS-last_name_NS-appointed_date-birth_year-gender-race                                         2395
star-first_name_NS-last_name_NS-appointed_date-birth_year-gender-race                                    1904
star-first_name_NS-last_name_NS-appointed_date-gender-race                                                561
first_name_NS-last_name_NS-appointed_date-birth_year-middle_initial-gender-race-suffix_name               557
star-first_name_NS-last_name_NS-appointed_date-middle_initial-gender-race                                 258
star-first_name_NS-last_name_NS-appointed_date-birth_year-middle_initial-gender-race-suffix_name          234
first_name_NS-last_name_NS-appointed_date-birth_year-gender-race-suffix_name                              203
star-first_name_NS-last_name_NS-appointed_date-birth_year-gender-race-suffix_name                         167
star-first_name_NS-last_name_NS-appointed_date-gender-race-suffix_name                                     35
star-first_name_NS-last_name_NS-appointed_date-middle_initial-gender-race-suffix_name                       6
star-first_name_NS-last_name_NS-appointed_date-middle_initial-gender                                        5
star-first_name_NS-last_name_NS-appointed_date-gender                                                       5
first_name_NS-last_name_NS-appointed_date-birth_year-middle_initial-middle_initial2-gender-race             5
star-first_name_NS-F4LN-appointed_date-middle_initial-gender-race                                           2
star-first_name_NS-last_name_NS-appointed_date-birth_year-middle_initial-gender                             2
F4FN-last_name_NS-appointed_date-birth_year-middle_initial-gender-race-suffix_name                          1
gender=="FEMALE" : first_name_NS-middle_initial-appointed_date-birth_year-gender-race                       1
first_name_NS-last_name_NS-birth_year-star-race-middle_initial                                              1
star-first_name_NS-last_name_NS-appointed_date-birth_year-middle_initial-middle_initial2-gender-race        1
star-first_name_NS-last_name_NS-appointed_date-middle_initial-middle_initial2-gender-race                   1
star-first_name_NS-last_name_NS-appointed_date-birth_year-gender                                            1
star-first_name_NS-last_name_NS-appointed_date-birth_year-middle_initial-race                               1
first_name_NS-last_name_NS-birth_year-middle_initial-race-gender                                            1
Name: matched_on, dtype: int64
Writing data with 161622 rows to output/officer-reference.csv.gz with 33573 unique UIDs
