running src/merge.py
Beginning import_data from file(s): input/officer-reference.csv.gz
Data shape = 253375 rows, 38 columns
Beginning import_data from file(s): input/evaluations-officers_2009-2017_2017-04.csv.gz
Data shape = 70252 rows, 17 columns
3869 rows dropped by filter query: first_name_NS != "OFFICER"
Unique data size = 12852
Merge Report:
12852 Total Merged Pairs: 38.23% of ref and 100.0% of sup Merged.
20769 Unmerged in ref. 61.77% Unmerged.
0 Unmerged in sup. 0.0% Unmerged.

first_name_NS-last_name_NS-birth_year-middle_initial-race-current_unit                    8110
first_name_NS-last_name_NS-birth_year-race-current_unit                                   2175
first_name_NS-last_name_NS-birth_year-middle_initial-race                                 1935
first_name_NS-last_name_NS-birth_year-middle_initial-race-suffix_name-current_unit         248
first_name_NS-last_name_NS-birth_year-race-suffix_name-current_unit                        198
first_name_NS-last_name_NS-birth_year-race                                                 106
first_name_NS-last_name_NS-birth_year-middle_initial-race-suffix_name                       64
first_name_NS-last_name_NS-birth_year-race-suffix_name                                       6
first_name_NS-last_name_NS-birth_year-middle_initial-middle_initial2-race-current_unit       4
first_name_NS-last_name_NS-middle_initial                                                    3
first_name_NS-last_name_NS-birth_year-middle_initial-current_unit                            2
first_name_NS-last_name_NS-race                                                              1
Name: matched_on, dtype: int64
Writing data with 266227 rows to output/officer-reference.csv.gz with 33621 unique UIDs
