running src/format.py
Processing input/p046957_-_report_1.1_-_all_complaints_in_time_frame.xls file, of FOIA number FOIA P046957
Report 1.1
All Complaints in CRMS 
Incident Date From 01 Jan 2000 to 31 Dec 2002
Source Data: CRMS, produced on [datetime.datetime(2016, 10, 29, 0, 0)]
Processing input/p046957_-_report_1.2_-_all_complaints_in_time_frame.xls file, of FOIA number FOIA P046957
Report 1.2
All Complaints in CRMS 
Incident Date From 01 Jan 2003 to 31 Dec 2005
Source Data: CRMS, produced on [datetime.datetime(2016, 10, 29, 0, 0)]
Processing input/p046957_-_report_1.3_-_all_complaints_in_time_frame.xls file, of FOIA number FOIA P046957
Report 1.3
All Complaints in CRMS 
Incident Date From 01 Jan 2006 to 31 Dec 2008
Source Data: CRMS, produced on [datetime.datetime(2016, 10, 29, 0, 0)]
Processing input/p046957_-_report_1.4_-_all_complaints_in_time_frame.xls file, of FOIA number FOIA P046957
Report 1.4
All Complaints in CRMS 
Incident Date From 01 Jan 2006 to 31 Dec 2008
Source Data: CRMS, produced on [datetime.datetime(2016, 10, 29, 0, 0)]
Processing input/p046957_-_report_1.5_-_all_complaints_in_time_frame.xls file, of FOIA number FOIA P046957
Report 1.5
All Complaints in CRMS 
Incident Date From 01 Jan 2009 to 31 Dec 2011
Source Data: CRMS, produced on [datetime.datetime(2016, 10, 29, 0, 0)]
Processing input/p046957_-_report_1.6_-_all_complaints_in_time_frame.xls file, of FOIA number FOIA P046957
Report 1.6
All Complaints in CRMS 
Incident Date From 01 Jan 2012 to 17 Jun 2016
Source Data: CRMS, produced on [datetime.datetime(2016, 10, 29, 0, 0)]
Beginning import_data from dataframe with head(2): 
    cr_id  beat location_code address_number     street apartment_number  \
0  258996  1524            04           5327  W CHICAGO              NaN   
1  258997  1115            17           4316  W JACKSON              NaN   

   city_state   incident_datetime complaint_date closed_date  
0  CHICAGO IL 2000-01-01 01:20:00     2000-01-01  2001-01-26  
1  CHICAGO IL 2000-01-01 01:30:00     2000-01-01  2000-10-14  
Data shape = 131142 rows, 10 columns
ROWID column inserted
Column 'ROWID' was not cleaned.
Column 'cr_id' was not cleaned.
Column 'beat' was not cleaned.
Column 'location_code' was not cleaned.
Column 'address_number' was not cleaned.
Column 'street' was not cleaned.
Column 'apartment_number' was not cleaned.
Column 'city_state' was not cleaned.
Column 'incident_datetime' cleaned as datetime using DateTimeCleaners.
Column 'complaint_date' cleaned as date using DateTimeCleaners.
Column 'closed_date' cleaned as date using DateTimeCleaners.
Columns dropped due to all NA values: ()
Writing data with 131142 rows to output/complaints-complaints_2000-2016_2016-11.csv.gz
