running src/merge.py
Beginning import_data from file(s): input/officer-reference.csv.gz
Data shape = 279637 rows, 41 columns
Adding column by exec("self._data.loc[self._data['appointed_date'].isnull(), 'appointed_date'] = self._data.loc[self._data['appointed_date'].isnull(), ['start_date', 'org_hire_date']].apply(pd.to_datetime).apply(np.nanmax,axis=1).dt.date")
Adding column by exec("self._data['appointed_date']=pd.to_datetime(self._data['appointed_date']).dt.date.map(lambda x: x if pd.isnull(x) else str(x))")
Beginning import_data from file(s): input/complaints-investigators_2000-2016_2016-11.csv.gz
Data shape = 130501 rows, 14 columns
Adding rank types and cleaned ranks from hand/investigator_ranks.csv
PO = 90576, IPRA = 38983. OTHER = 942
39925 rows dropped by filter query: rank_type == "PO"
Unique data size = 2992
Converting dtype of appointed_date to object
Converting dtype of appointed_date to object
Converting dtype of appointed_date to object
Converting dtype of appointed_date to object
Converting dtype of appointed_date to object
Converting dtype of appointed_date to object
Converting dtype of appointed_date to object
Converting dtype of appointed_date to object
Converting dtype of appointed_date to object
Converting dtype of appointed_date to object
Converting dtype of appointed_date to object
Adding column by exec("self._data.loc[self._data['appointed_date'].isnull(), 'appointed_date'] = self._data.loc[self._data['appointed_date'].isnull(), ['start_date', 'org_hire_date']].apply(pd.to_datetime).apply(np.nanmax,axis=1).dt.date")
Adding column by exec("self._data['appointed_date']=pd.to_datetime(self._data['appointed_date']).dt.date.map(lambda x: x if pd.isnull(x) else str(x))")
Beginning import_data from file(s): input/officer-reference.csv.gz
Data shape = 279637 rows, 41 columns
Adding column by exec("self._data.loc[self._data['appointed_date'].isnull(), 'appointed_date'] = self._data.loc[self._data['appointed_date'].isnull(), ['start_date', 'org_hire_date']].apply(pd.to_datetime).apply(np.maximum,axis=1).dt.date")
Beginning import_data from file(s): input/officer-reference.csv.gz
Data shape = 279637 rows, 41 columns
Adding column by exec("self._data.loc[self._data['appointed_date'].isnull(), 'appointed_date'] = self._data.loc[self._data['appointed_date'].isnull(), ['start_date', 'org_hire_date']].apply(pd.to_datetime).maximum(axis=1).dt.date")
Beginning import_data from file(s): input/officer-reference.csv.gz
Data shape = 279637 rows, 41 columns
Adding column by exec("self._data.loc[self._data['appointed_date'].isnull(), 'appointed_date'] = self._data.loc[self._data['appointed_date'].isnull(), ['start_date', 'org_hire_date']].apply(pd.to_datetime).max(axis=1).dt.date")
Adding column by exec("self._data['appointed_date']=pd.to_datetime(self._data['appointed_date']).dt.date.map(lambda x: x if pd.isnull(x) else str(x))")
Beginning import_data from file(s): input/officer-reference.csv.gz
Data shape = 279637 rows, 41 columns
Adding column by exec("self._data.loc[self._data['appointed_date'].isnull(), 'appointed_date'] = self._data.loc[self._data['appointed_date'].isnull(), ['start_date', 'org_hire_date']].apply(pd.to_datetime).max(axis=1).dt.date")
Beginning import_data from file(s): input/complaints-investigators_2000-2016_2016-11.csv.gz
Data shape = 130501 rows, 14 columns
Adding rank types and cleaned ranks from hand/investigator_ranks.csv
PO = 90576, IPRA = 38983. OTHER = 942
39925 rows dropped by filter query: rank_type == "PO"
Unique data size = 2992
Adding column by exec("self._data.appointed_date=pd.to_datetime(self._data.appointed_date).dt.date")
Merge Report:
2281 Total Merged Pairs: 6.78% of ref and 76.24% of sup Merged.
31340 Unmerged in ref. 93.22% Unmerged.
711 Unmerged in sup. 23.76% Unmerged.

first_name_NS-last_name_NS-appointed_date                   2163
first_name_NS-last_name_NS-appointed_date-suffix_name         76
F4FN-last_name_NS-appointed_date                              37
first_name_NS-F4LN-appointed_date                              3
first_name_NS-last_name_NS-appointed_date-middle_initial       1
F4FN-last_name_NS-appointed_date-suffix_name                   1
Name: matched_on, dtype: int64
Conflicts on: 
     NUID complaints-investigators_2000-2016_2016-11_ID  \
439  5203                                          2692   
441  5204                                          2692   
0    5203                                          2692   
2    5204                                          2692   
4    5203                                          2692   
6    5204                                          2692   
0    5203                                          2692   
2    5204                                          2692   

                                    matched_on  
439  first_name_NS-last_name_NS-appointed_date  
441  first_name_NS-last_name_NS-appointed_date  
0            first_name_NS-F4LN-appointed_date  
2            first_name_NS-F4LN-appointed_date  
4             F4FN-last_name_NS-appointed_date  
6             F4FN-last_name_NS-appointed_date  
0                     F4FN-F4LN-appointed_date  
2                     F4FN-F4LN-appointed_date  
Conflicts occurred while merging 
 Ref:        NUID appointed_date  birth_year  current_age        current_rank  \
44621  5203     1999-09-13      1975.0          NaN                 NaN   
44638  5203     1999-09-13         NaN         41.0                 NaN   
44637  5203     1999-09-13      1975.0          NaN                 NaN   
44635  5203     1999-09-13         NaN          NaN                 NaN   
44634  5203     1999-09-13      1975.0         42.0  SERGEANT OF POLICE   
44633  5203     1999-09-13         NaN          NaN                 NaN   
44632  5203     1999-09-13         NaN          NaN                 NaN   
44631  5203     1999-09-13         NaN          NaN                 NaN   
44630  5203     1999-09-13         NaN          NaN                 NaN   
44636  5203     1999-09-13         NaN          NaN                 NaN   
44628  5203     1999-09-13      1975.0          NaN                 SGT   
44627  5203            NaT      1975.0          NaN  SERGEANT OF POLICE   
44626  5203     1999-09-13         NaN          NaN                 NaN   
44625  5203     1999-09-13         NaN         41.0                 NaN   
44624  5203     1999-09-13      1975.0         42.0  SERGEANT OF POLICE   
44623  5203     1999-09-13      1975.0          NaN                 NaN   
44622  5203     1999-09-13         NaN          NaN                 NaN   
44629  5203     1999-09-13         NaN         42.0                 NaN   
44650  5204            NaT      1967.0          NaN      POLICE OFFICER   
44649  5204     1999-09-13         NaN          NaN                 NaN   
44648  5204     1999-09-13         NaN          NaN                 NaN   
44647  5204     1999-09-13         NaN          NaN                 NaN   
44646  5204     1999-09-13         NaN         49.0                 NaN   
44645  5204     1999-09-13         NaN          NaN                 NaN   
44641  5204     1999-09-13         NaN          NaN                 NaN   
44643  5204     1999-09-13      1967.0          NaN                  PO   
44642  5204     1999-09-13      1967.0          NaN                 NaN   
44640  5204     1999-09-13         NaN          NaN                 NaN   
44639  5204     1999-09-13         NaN         51.0                 NaN   
44651  5204     1999-09-13      1967.0         50.0      POLICE OFFICER   
44644  5204     1999-09-13      1967.0          NaN                 NaN   
44652  5204     1999-09-13      1967.0          NaN                 NaN   

      current_status  current_unit first_name_NS gender last_name_NS  ...  \
44621            NaN           NaN         KEVIN   MALE      CONNORS  ...   
44638            NaN           8.0         KEVIN   MALE      CONNORS  ...   
44637            NaN           NaN         KEVIN   MALE      CONNORS  ...   
44635            NaN           NaN         KEVIN   MALE      CONNORS  ...   
44634              Y           8.0         KEVIN   MALE      CONNORS  ...   
44633            NaN           NaN         KEVIN   MALE      CONNORS  ...   
44632            NaN           NaN         KEVIN   MALE      CONNORS  ...   
44631            NaN           NaN         KEVIN   MALE      CONNORS  ...   
44630            NaN           NaN         KEVIN   MALE      CONNORS  ...   
44636            NaN           NaN         KEVIN   MALE      CONNORS  ...   
44628            NaN         211.0         KEVIN   MALE      CONNORS  ...   
44627            NaN         211.0         KEVIN    NaN      CONNORS  ...   
44626            NaN           NaN         KEVIN   MALE      CONNORS  ...   
44625            NaN           8.0         KEVIN   MALE      CONNORS  ...   
44624              Y           8.0         KEVIN   MALE      CONNORS  ...   
44623            NaN           8.0         KEVIN   MALE      CONNORS  ...   
44622            NaN           NaN         KEVIN   MALE      CONNORS  ...   
44629            NaN           8.0         KEVIN   MALE      CONNORS  ...   
44650            NaN           7.0         KEVIN    NaN      CONNORS  ...   
44649            NaN           NaN         KEVIN   MALE      CONNORS  ...   
44648            NaN           NaN         KEVIN   MALE      CONNORS  ...   
44647            NaN           NaN         KEVIN   MALE      CONNORS  ...   
44646            NaN           7.0         KEVIN   MALE      CONNORS  ...   
44645            NaN           NaN         KEVIN   MALE      CONNORS  ...   
44641            NaN           NaN         KEVIN   MALE      CONNORS  ...   
44643            NaN           7.0         KEVIN   MALE      CONNORS  ...   
44642            NaN           7.0         KEVIN   MALE      CONNORS  ...   
44640            NaN           NaN         KEVIN   MALE      CONNORS  ...   
44639            NaN           7.0         KEVIN   MALE      CONNORS  ...   
44651              Y           7.0         KEVIN   MALE      CONNORS  ...   
44644            NaN           NaN         KEVIN   MALE      CONNORS  ...   
44652            NaN           NaN         KEVIN   MALE      CONNORS  ...   

      complaints-accused_2000-2016_2016-11_ID  \
44621                                     NaN   
44638                                     NaN   
44637                                     NaN   
44635                                     NaN   
44634                                     NaN   
44633                                     NaN   
44632                                     NaN   
44631                                     NaN   
44630                                     NaN   
44636                                     NaN   
44628                                  8446.0   
44627                                     NaN   
44626                                     NaN   
44625                                     NaN   
44624                                     NaN   
44623                                     NaN   
44622                                     NaN   
44629                                     NaN   
44650                                     NaN   
44649                                     NaN   
44648                                     NaN   
44647                                     NaN   
44646                                     NaN   
44645                                     NaN   
44641                                     NaN   
44643                                  8445.0   
44642                                     NaN   
44640                                     NaN   
44639                                     NaN   
44651                                     NaN   
44644                                     NaN   
44652                                     NaN   

      TRR-statuses_2004-2016_2016-09_ID TRR-officers_2004-2016_2016-09_ID  \
44621                               NaN                               NaN   
44638                               NaN                               NaN   
44637                               NaN                               NaN   
44635                               NaN                               NaN   
44634                               NaN                               NaN   
44633                               NaN                               NaN   
44632                               NaN                               NaN   
44631                               NaN                               NaN   
44630                           11706.0                               NaN   
44636                               NaN                            5856.0   
44628                               NaN                               NaN   
44627                               NaN                               NaN   
44626                               NaN                               NaN   
44625                               NaN                               NaN   
44624                               NaN                               NaN   
44623                               NaN                               NaN   
44622                           11707.0                               NaN   
44629                               NaN                               NaN   
44650                               NaN                               NaN   
44649                               NaN                               NaN   
44648                               NaN                               NaN   
44647                           11708.0                               NaN   
44646                               NaN                               NaN   
44645                               NaN                               NaN   
44641                               NaN                               NaN   
44643                               NaN                               NaN   
44642                               NaN                               NaN   
44640                               NaN                            2761.0   
44639                               NaN                               NaN   
44651                               NaN                               NaN   
44644                               NaN                               NaN   
44652                               NaN                               NaN   

      TRR-statuses_2004-2018_2018-08_ID  TRR-officers_2004-2018_2018-08_ID  \
44621                               NaN                                NaN   
44638                               NaN                                NaN   
44637                               NaN                                NaN   
44635                           12544.0                                NaN   
44634                               NaN                                NaN   
44633                               NaN                                NaN   
44632                               NaN                                NaN   
44631                               NaN                             5856.0   
44630                               NaN                                NaN   
44636                               NaN                                NaN   
44628                               NaN                                NaN   
44627                               NaN                                NaN   
44626                           12543.0                                NaN   
44625                               NaN                                NaN   
44624                               NaN                                NaN   
44623                               NaN                                NaN   
44622                               NaN                                NaN   
44629                               NaN                                NaN   
44650                               NaN                                NaN   
44649                               NaN                                NaN   
44648                           12545.0                                NaN   
44647                               NaN                                NaN   
44646                               NaN                                NaN   
44645                               NaN                             2761.0   
44641                               NaN                                NaN   
44643                               NaN                                NaN   
44642                               NaN                                NaN   
44640                               NaN                                NaN   
44639                               NaN                                NaN   
44651                               NaN                                NaN   
44644                               NaN                                NaN   
44652                               NaN                                NaN   

       evaluations-officers_2009-2017_2017-04_ID  \
44621                                        NaN   
44638                                        NaN   
44637                                        NaN   
44635                                        NaN   
44634                                        NaN   
44633                                        NaN   
44632                                        NaN   
44631                                        NaN   
44630                                        NaN   
44636                                        NaN   
44628                                        NaN   
44627                                        NaN   
44626                                        NaN   
44625                                        NaN   
44624                                        NaN   
44623                                        NaN   
44622                                        NaN   
44629                                        NaN   
44650                                     3348.0   
44649                                        NaN   
44648                                        NaN   
44647                                        NaN   
44646                                        NaN   
44645                                        NaN   
44641                                        NaN   
44643                                        NaN   
44642                                        NaN   
44640                                        NaN   
44639                                        NaN   
44651                                        NaN   
44644                                        NaN   
44652                                        NaN   

      evaluations-supervisors_2009-2017_2017-04_ID  \
44621                                          NaN   
44638                                          NaN   
44637                                          NaN   
44635                                          NaN   
44634                                          NaN   
44633                                          NaN   
44632                                          NaN   
44631                                          NaN   
44630                                          NaN   
44636                                          NaN   
44628                                          NaN   
44627                                        350.0   
44626                                          NaN   
44625                                          NaN   
44624                                          NaN   
44623                                          NaN   
44622                                          NaN   
44629                                          NaN   
44650                                          NaN   
44649                                          NaN   
44648                                          NaN   
44647                                          NaN   
44646                                          NaN   
44645                                          NaN   
44641                                          NaN   
44643                                          NaN   
44642                                          NaN   
44640                                          NaN   
44639                                          NaN   
44651                                          NaN   
44644                                          NaN   
44652                                          NaN   

      complaints-witnesses_2000-2016_2016-11_ID  F4FN  F4LN  
44621                                       NaN  KEVI  CONN  
44638                                       NaN  KEVI  CONN  
44637                                   11360.0  KEVI  CONN  
44635                                       NaN  KEVI  CONN  
44634                                       NaN  KEVI  CONN  
44633                                       NaN  KEVI  CONN  
44632                                       NaN  KEVI  CONN  
44631                                       NaN  KEVI  CONN  
44630                                       NaN  KEVI  CONN  
44636                                       NaN  KEVI  CONN  
44628                                       NaN  KEVI  CONN  
44627                                       NaN  KEVI  CONN  
44626                                       NaN  KEVI  CONN  
44625                                       NaN  KEVI  CONN  
44624                                       NaN  KEVI  CONN  
44623                                       NaN  KEVI  CONN  
44622                                       NaN  KEVI  CONN  
44629                                       NaN  KEVI  CONN  
44650                                       NaN  KEVI  CONN  
44649                                       NaN  KEVI  CONN  
44648                                       NaN  KEVI  CONN  
44647                                       NaN  KEVI  CONN  
44646                                       NaN  KEVI  CONN  
44645                                       NaN  KEVI  CONN  
44641                                       NaN  KEVI  CONN  
44643                                       NaN  KEVI  CONN  
44642                                       NaN  KEVI  CONN  
44640                                       NaN  KEVI  CONN  
44639                                       NaN  KEVI  CONN  
44651                                       NaN  KEVI  CONN  
44644                                       NaN  KEVI  CONN  
44652                                   11359.0  KEVI  CONN  

[32 rows x 43 columns] 
 Sup:        complaints-investigators_2000-2016_2016-11_ID first_name_NS  \
97714                                           2692         KEVIN   

      last_name_NS appointed_date suffix_name middle_initial  current_unit  \
97714      CONNORS     1999-09-13         NaN            NaN         211.0   

       F4FN  F4LN  
97714  KEVI  CONN  
Merge Report:
2281 Total Merged Pairs: 6.78% of ref and 76.24% of sup Merged.
31340 Unmerged in ref. 93.22% Unmerged.
711 Unmerged in sup. 23.76% Unmerged.

first_name_NS-last_name_NS-appointed_date                   2163
first_name_NS-last_name_NS-appointed_date-suffix_name         76
F4FN-last_name_NS-appointed_date                              37
first_name_NS-F4LN-appointed_date                              3
first_name_NS-last_name_NS-appointed_date-middle_initial       1
F4FN-last_name_NS-appointed_date-suffix_name                   1
Name: matched_on, dtype: int64
Conflicts on: 
     NUID complaints-investigators_2000-2016_2016-11_ID  \
439  5203                                          2692   
441  5204                                          2692   
0    5203                                          2692   
2    5204                                          2692   
4    5203                                          2692   
6    5204                                          2692   
0    5203                                          2692   
2    5204                                          2692   

                                    matched_on  
439  first_name_NS-last_name_NS-appointed_date  
441  first_name_NS-last_name_NS-appointed_date  
0            first_name_NS-F4LN-appointed_date  
2            first_name_NS-F4LN-appointed_date  
4             F4FN-last_name_NS-appointed_date  
6             F4FN-last_name_NS-appointed_date  
0                     F4FN-F4LN-appointed_date  
2                     F4FN-F4LN-appointed_date  
Conflicts occurred while merging 
 Ref:        NUID appointed_date  birth_year  current_age        current_rank  \
44621  5203     1999-09-13      1975.0          NaN                 NaN   
44638  5203     1999-09-13         NaN         41.0                 NaN   
44637  5203     1999-09-13      1975.0          NaN                 NaN   
44635  5203     1999-09-13         NaN          NaN                 NaN   
44634  5203     1999-09-13      1975.0         42.0  SERGEANT OF POLICE   
44633  5203     1999-09-13         NaN          NaN                 NaN   
44632  5203     1999-09-13         NaN          NaN                 NaN   
44631  5203     1999-09-13         NaN          NaN                 NaN   
44630  5203     1999-09-13         NaN          NaN                 NaN   
44636  5203     1999-09-13         NaN          NaN                 NaN   
44628  5203     1999-09-13      1975.0          NaN                 SGT   
44627  5203            NaT      1975.0          NaN  SERGEANT OF POLICE   
44626  5203     1999-09-13         NaN          NaN                 NaN   
44625  5203     1999-09-13         NaN         41.0                 NaN   
44624  5203     1999-09-13      1975.0         42.0  SERGEANT OF POLICE   
44623  5203     1999-09-13      1975.0          NaN                 NaN   
44622  5203     1999-09-13         NaN          NaN                 NaN   
44629  5203     1999-09-13         NaN         42.0                 NaN   
44650  5204            NaT      1967.0          NaN      POLICE OFFICER   
44649  5204     1999-09-13         NaN          NaN                 NaN   
44648  5204     1999-09-13         NaN          NaN                 NaN   
44647  5204     1999-09-13         NaN          NaN                 NaN   
44646  5204     1999-09-13         NaN         49.0                 NaN   
44645  5204     1999-09-13         NaN          NaN                 NaN   
44641  5204     1999-09-13         NaN          NaN                 NaN   
44643  5204     1999-09-13      1967.0          NaN                  PO   
44642  5204     1999-09-13      1967.0          NaN                 NaN   
44640  5204     1999-09-13         NaN          NaN                 NaN   
44639  5204     1999-09-13         NaN         51.0                 NaN   
44651  5204     1999-09-13      1967.0         50.0      POLICE OFFICER   
44644  5204     1999-09-13      1967.0          NaN                 NaN   
44652  5204     1999-09-13      1967.0          NaN                 NaN   

      current_status  current_unit first_name_NS gender last_name_NS  ...  \
44621            NaN           NaN         KEVIN   MALE      CONNORS  ...   
44638            NaN           8.0         KEVIN   MALE      CONNORS  ...   
44637            NaN           NaN         KEVIN   MALE      CONNORS  ...   
44635            NaN           NaN         KEVIN   MALE      CONNORS  ...   
44634              Y           8.0         KEVIN   MALE      CONNORS  ...   
44633            NaN           NaN         KEVIN   MALE      CONNORS  ...   
44632            NaN           NaN         KEVIN   MALE      CONNORS  ...   
44631            NaN           NaN         KEVIN   MALE      CONNORS  ...   
44630            NaN           NaN         KEVIN   MALE      CONNORS  ...   
44636            NaN           NaN         KEVIN   MALE      CONNORS  ...   
44628            NaN         211.0         KEVIN   MALE      CONNORS  ...   
44627            NaN         211.0         KEVIN    NaN      CONNORS  ...   
44626            NaN           NaN         KEVIN   MALE      CONNORS  ...   
44625            NaN           8.0         KEVIN   MALE      CONNORS  ...   
44624              Y           8.0         KEVIN   MALE      CONNORS  ...   
44623            NaN           8.0         KEVIN   MALE      CONNORS  ...   
44622            NaN           NaN         KEVIN   MALE      CONNORS  ...   
44629            NaN           8.0         KEVIN   MALE      CONNORS  ...   
44650            NaN           7.0         KEVIN    NaN      CONNORS  ...   
44649            NaN           NaN         KEVIN   MALE      CONNORS  ...   
44648            NaN           NaN         KEVIN   MALE      CONNORS  ...   
44647            NaN           NaN         KEVIN   MALE      CONNORS  ...   
44646            NaN           7.0         KEVIN   MALE      CONNORS  ...   
44645            NaN           NaN         KEVIN   MALE      CONNORS  ...   
44641            NaN           NaN         KEVIN   MALE      CONNORS  ...   
44643            NaN           7.0         KEVIN   MALE      CONNORS  ...   
44642            NaN           7.0         KEVIN   MALE      CONNORS  ...   
44640            NaN           NaN         KEVIN   MALE      CONNORS  ...   
44639            NaN           7.0         KEVIN   MALE      CONNORS  ...   
44651              Y           7.0         KEVIN   MALE      CONNORS  ...   
44644            NaN           NaN         KEVIN   MALE      CONNORS  ...   
44652            NaN           NaN         KEVIN   MALE      CONNORS  ...   

      complaints-accused_2000-2016_2016-11_ID  \
44621                                     NaN   
44638                                     NaN   
44637                                     NaN   
44635                                     NaN   
44634                                     NaN   
44633                                     NaN   
44632                                     NaN   
44631                                     NaN   
44630                                     NaN   
44636                                     NaN   
44628                                  8446.0   
44627                                     NaN   
44626                                     NaN   
44625                                     NaN   
44624                                     NaN   
44623                                     NaN   
44622                                     NaN   
44629                                     NaN   
44650                                     NaN   
44649                                     NaN   
44648                                     NaN   
44647                                     NaN   
44646                                     NaN   
44645                                     NaN   
44641                                     NaN   
44643                                  8445.0   
44642                                     NaN   
44640                                     NaN   
44639                                     NaN   
44651                                     NaN   
44644                                     NaN   
44652                                     NaN   

      TRR-statuses_2004-2016_2016-09_ID TRR-officers_2004-2016_2016-09_ID  \
44621                               NaN                               NaN   
44638                               NaN                               NaN   
44637                               NaN                               NaN   
44635                               NaN                               NaN   
44634                               NaN                               NaN   
44633                               NaN                               NaN   
44632                               NaN                               NaN   
44631                               NaN                               NaN   
44630                           11706.0                               NaN   
44636                               NaN                            5856.0   
44628                               NaN                               NaN   
44627                               NaN                               NaN   
44626                               NaN                               NaN   
44625                               NaN                               NaN   
44624                               NaN                               NaN   
44623                               NaN                               NaN   
44622                           11707.0                               NaN   
44629                               NaN                               NaN   
44650                               NaN                               NaN   
44649                               NaN                               NaN   
44648                               NaN                               NaN   
44647                           11708.0                               NaN   
44646                               NaN                               NaN   
44645                               NaN                               NaN   
44641                               NaN                               NaN   
44643                               NaN                               NaN   
44642                               NaN                               NaN   
44640                               NaN                            2761.0   
44639                               NaN                               NaN   
44651                               NaN                               NaN   
44644                               NaN                               NaN   
44652                               NaN                               NaN   

      TRR-statuses_2004-2018_2018-08_ID  TRR-officers_2004-2018_2018-08_ID  \
44621                               NaN                                NaN   
44638                               NaN                                NaN   
44637                               NaN                                NaN   
44635                           12544.0                                NaN   
44634                               NaN                                NaN   
44633                               NaN                                NaN   
44632                               NaN                                NaN   
44631                               NaN                             5856.0   
44630                               NaN                                NaN   
44636                               NaN                                NaN   
44628                               NaN                                NaN   
44627                               NaN                                NaN   
44626                           12543.0                                NaN   
44625                               NaN                                NaN   
44624                               NaN                                NaN   
44623                               NaN                                NaN   
44622                               NaN                                NaN   
44629                               NaN                                NaN   
44650                               NaN                                NaN   
44649                               NaN                                NaN   
44648                           12545.0                                NaN   
44647                               NaN                                NaN   
44646                               NaN                                NaN   
44645                               NaN                             2761.0   
44641                               NaN                                NaN   
44643                               NaN                                NaN   
44642                               NaN                                NaN   
44640                               NaN                                NaN   
44639                               NaN                                NaN   
44651                               NaN                                NaN   
44644                               NaN                                NaN   
44652                               NaN                                NaN   

       evaluations-officers_2009-2017_2017-04_ID  \
44621                                        NaN   
44638                                        NaN   
44637                                        NaN   
44635                                        NaN   
44634                                        NaN   
44633                                        NaN   
44632                                        NaN   
44631                                        NaN   
44630                                        NaN   
44636                                        NaN   
44628                                        NaN   
44627                                        NaN   
44626                                        NaN   
44625                                        NaN   
44624                                        NaN   
44623                                        NaN   
44622                                        NaN   
44629                                        NaN   
44650                                     3348.0   
44649                                        NaN   
44648                                        NaN   
44647                                        NaN   
44646                                        NaN   
44645                                        NaN   
44641                                        NaN   
44643                                        NaN   
44642                                        NaN   
44640                                        NaN   
44639                                        NaN   
44651                                        NaN   
44644                                        NaN   
44652                                        NaN   

      evaluations-supervisors_2009-2017_2017-04_ID  \
44621                                          NaN   
44638                                          NaN   
44637                                          NaN   
44635                                          NaN   
44634                                          NaN   
44633                                          NaN   
44632                                          NaN   
44631                                          NaN   
44630                                          NaN   
44636                                          NaN   
44628                                          NaN   
44627                                        350.0   
44626                                          NaN   
44625                                          NaN   
44624                                          NaN   
44623                                          NaN   
44622                                          NaN   
44629                                          NaN   
44650                                          NaN   
44649                                          NaN   
44648                                          NaN   
44647                                          NaN   
44646                                          NaN   
44645                                          NaN   
44641                                          NaN   
44643                                          NaN   
44642                                          NaN   
44640                                          NaN   
44639                                          NaN   
44651                                          NaN   
44644                                          NaN   
44652                                          NaN   

      complaints-witnesses_2000-2016_2016-11_ID  F4FN  F4LN  
44621                                       NaN  KEVI  CONN  
44638                                       NaN  KEVI  CONN  
44637                                   11360.0  KEVI  CONN  
44635                                       NaN  KEVI  CONN  
44634                                       NaN  KEVI  CONN  
44633                                       NaN  KEVI  CONN  
44632                                       NaN  KEVI  CONN  
44631                                       NaN  KEVI  CONN  
44630                                       NaN  KEVI  CONN  
44636                                       NaN  KEVI  CONN  
44628                                       NaN  KEVI  CONN  
44627                                       NaN  KEVI  CONN  
44626                                       NaN  KEVI  CONN  
44625                                       NaN  KEVI  CONN  
44624                                       NaN  KEVI  CONN  
44623                                       NaN  KEVI  CONN  
44622                                       NaN  KEVI  CONN  
44629                                       NaN  KEVI  CONN  
44650                                       NaN  KEVI  CONN  
44649                                       NaN  KEVI  CONN  
44648                                       NaN  KEVI  CONN  
44647                                       NaN  KEVI  CONN  
44646                                       NaN  KEVI  CONN  
44645                                       NaN  KEVI  CONN  
44641                                       NaN  KEVI  CONN  
44643                                       NaN  KEVI  CONN  
44642                                       NaN  KEVI  CONN  
44640                                       NaN  KEVI  CONN  
44639                                       NaN  KEVI  CONN  
44651                                       NaN  KEVI  CONN  
44644                                       NaN  KEVI  CONN  
44652                                   11359.0  KEVI  CONN  

[32 rows x 43 columns] 
 Sup:        complaints-investigators_2000-2016_2016-11_ID first_name_NS  \
97714                                           2692         KEVIN   

      last_name_NS appointed_date suffix_name middle_initial  current_unit  \
97714      CONNORS     1999-09-13         NaN            NaN         211.0   

       F4FN  F4LN  
97714  KEVI  CONN  
Adding column by exec("self._data.loc[self._data["start_date"].notnull() | self._data["org_hire_date"].notnull(), "appointed_date"]=np.nan")
Writing data with 281918 rows to output/officer-reference.csv.gz with 33621 unique UIDs
91518 rows dropped by filter query: rank_type == "IPRA"
Total rows: 38983
Unique id + conflict rows: 111
Conflict rows: 0
Resolved conflcit UID count: 0
Total unique ids: 111

Beginning import_data from file(s): input/complaints-investigators_2000-2018_2018-03.csv.gz
