running src/merge.py
Beginning import_data from file(s): input/officer-reference.csv.gz
Data shape = 323666 rows, 46 columns
Beginning import_data from file(s): input/complaints-investigators_2000-2018_2018-07.csv.gz
Data shape = 204715 rows, 18 columns
89849 rows dropped by filter query: current_unit != 113
Unique data size = 3832
Merge Report:
3064 Total Merged Pairs: 9.11% of ref and 97.21% of sup Merged.
30571 Unmerged in ref. 90.89% Unmerged.
88 Unmerged in sup. 2.79% Unmerged.

star-first_name_NS-last_name_NS-appointed_date-birth_year-middle_initial-gender-race-current_unit                    2065
star-first_name_NS-last_name_NS-appointed_date-birth_year-gender-race-current_unit                                    355
star-first_name_NS-last_name_NS-appointed_date-birth_year-middle_initial-gender-race                                  239
first_name_NS-last_name_NS-current_unit-star                                                                          165
star-first_name_NS-last_name_NS-appointed_date-birth_year-middle_initial-gender-race-suffix_name-current_unit          68
first_name_NS-last_name_NS-appointed_date-birth_year-middle_initial-gender-race-current_unit                           49
star-first_name_NS-last_name_NS-appointed_date-birth_year-gender-race                                                  36
star-first_name_NS-last_name_NS-appointed_date-birth_year-gender-race-suffix_name-current_unit                         33
first_name_NS-last_name_NS-appointed_date-birth_year-middle_initial-gender-race                                        11
star-first_name_NS-last_name_NS-appointed_date-birth_year-middle_initial-gender-race-suffix_name                       10
first_name_NS-last_name_NS-appointed_date-birth_year-gender-race-current_unit                                           9
first_name_NS-last_name_NS-middle_initial-birth_year-star                                                               6
first_name_NS-last_name_NS-star                                                                                         4
star-first_name_NS-last_name_NS-appointed_date-birth_year-gender-race-suffix_name                                       4
first_name_NS-last_name_NS-appointed_date-birth_year-gender-race                                                        4
first_name_NS-last_name_NS-appointed_date-birth_year-middle_initial-gender-race-suffix_name-current_unit                3
first_name_NS-last_name_NS-appointed_date-birth_year-gender-race-suffix_name-current_unit                               2
star-first_name_NS-last_name_NS-appointed_date-birth_year-middle_initial-middle_initial2-gender-race-current_unit       1
Name: matched_on, dtype: int64
Writing data with 320018 rows to output/officer-reference.csv.gz with 33635 unique UIDs
