running src/merge.py
Beginning import_data from file(s): input/officer-reference.csv.gz
Data shape = 266227 rows, 39 columns
Beginning import_data from file(s): input/evaluations-supervisors_2009-2017_2017-04.csv.gz
Data shape = 70252 rows, 15 columns
3007 rows dropped by filter query: first_name_NS != "OFFICER"
99 rows dropped by filter query: current_rank not in ['ADMIN. MANAGER', 'DIRECTOR OF FACILITIES', 'SUPV INVEN CONT 1', 'PROJECT MANAGER', 'MEDICAL ADMIN.', 'POLICE ADMINISTRATIVE CLERK', 'MGR POLICE PERSONNEL', 'DEPUTY DIRECTOR', 'DIR RESEARCH/PLANING']
Unique data size = 1830
Merge Report:
1830 Total Merged Pairs: 5.44% of ref and 100.0% of sup Merged.
31791 Unmerged in ref. 94.56% Unmerged.
0 Unmerged in sup. 0.0% Unmerged.

first_name_NS-last_name_NS-birth_year-middle_initial-race-current_unit                    1372
first_name_NS-last_name_NS-birth_year-race-current_unit                                    227
first_name_NS-last_name_NS-birth_year-middle_initial-race                                  156
first_name_NS-last_name_NS-birth_year-middle_initial-race-suffix_name-current_unit          38
first_name_NS-last_name_NS-birth_year-race-suffix_name-current_unit                         20
first_name_NS-last_name_NS-birth_year-middle_initial-race-suffix_name                        9
first_name_NS-last_name_NS-birth_year-race                                                   6
first_name_NS-last_name_NS-birth_year-middle_initial-middle_initial2-race-current_unit       1
first_name_NS-last_name_NS-birth_year-race-suffix_name                                       1
Name: matched_on, dtype: int64
Writing data with 268057 rows to output/officer-reference.csv.gz with 33621 unique UIDs
