running src/format.py
Beginning import_data from file(s): input/12181-FOIA-P058944-Arrests2001-StecklowRubeinstein_sterilized.xlsx
Skipping first 5 rows
Dropped 12 all nan rows
Data shape = 189457 rows, 25 columns
ARREST ID -> arrest_id , CHARGE CODE -> charge_code , ARREST EVENT -> arrest_event , FIRST NAME -> first_name , LAST NAME -> last_name , Middle Initial -> middle_initial , AGE -> age , SEX -> gender , RACE -> race , CB NO -> cb_no , FBI CODE -> fbi_code , HOUR -> arrest_hour , St Number -> street_number , DIR -> direction , STREET NAME -> street_name , BEAT -> beat , DISTRICT -> district , AREA -> area , ARREST CHARGE ID -> charge_id , STATUTE -> statute , STATUE DESCRIPTION -> statute_description , RELEASED FROM LOCKUP -> released_date , BOND AMT -> bond_amount , BOND TYPE -> bond_type , BOND DATE -> bond_date
ROWID column inserted
Values of fbi_code copied to crime_code
Adding column by exec("self._data["first_name"] = self._data["first_name"].fillna("").str.replace("JR III", "JRIII")")
Column 'ROWID' was not cleaned.
Column 'arrest_id' was not cleaned.
Column 'charge_code' was not cleaned.
Column 'arrest_event' was not cleaned.
Column 'age' cleaned as age using GeneralCleaners.
Column 'gender' cleaned as gender using GeneralCleaners.
['X', nan, 'NOTE: DATA ARE ACCURATE AS OF', 'PRINTED DATE AND TIME.'] values not in gender_types.yaml file. 12 cases replaced with 'nan'
Column 'race' cleaned as race using GeneralCleaners.
['UNKNOWN', nan] values not in race_types.yaml file. 196 cases replaced with 'nan'
Column 'cb_no' was not cleaned.
Column 'fbi_code' was not cleaned.
Column 'arrest_hour' was not cleaned.
Column 'street_number' was not cleaned.
Column 'direction' was not cleaned.
Column 'street_name' was not cleaned.
Column 'beat' was not cleaned.
Column 'district' was not cleaned.
Column 'area' was not cleaned.
Column 'charge_id' was not cleaned.
Column 'statute' was not cleaned.
Column 'statute_description' was not cleaned.
Column 'released_date' cleaned as date using DateTimeCleaners.
Column 'bond_amount' was not cleaned.
Column 'bond_type' was not cleaned.
Column 'bond_date' cleaned as date using DateTimeCleaners.
Column 'crime_code' cleaned as crime using GeneralCleaners.
[nan] values not in crime_types.yaml file. 11 cases replaced with 'nan'
Column(s) '('first_name', 'last_name', 'middle_initial')' cleaned as name(s) using NameCleaners.
Columns dropped due to all NA values: ('age', 'middle_initial', 'second_name', 'suffix_name', 'middle_name', 'middle_initial2', 'first_name_NS', 'last_name', 'human_name', 'released_date', 'full_name', 'last_name_NS', 'first_name')
Adding column by exec("self._data["year"] = 2001")
11 rows dropped by dropna: {'thresh': 7}
Beginning import_data from file(s): input/12181-FOIA-P058944-Arrests2002-StecklowRubeinstein_sterilized.xlsx
Skipping first 5 rows
Dropped 9 all nan rows
Data shape = 192919 rows, 25 columns
ARREST ID -> arrest_id , CHARGE CODE -> charge_code , ARREST EVENT -> arrest_event , FIRST NAME -> first_name , LAST NAME -> last_name , Middle Initial -> middle_initial , AGE -> age , SEX -> gender , RACE -> race , CB NO -> cb_no , FBI CODE -> fbi_code , HOUR -> arrest_hour , St Number -> street_number , DIR -> direction , STREET NAME -> street_name , BEAT -> beat , DISTRICT -> district , AREA -> area , ARREST CHARGE ID -> charge_id , STATUTE -> statute , STATUE DESCRIPTION -> statute_description , RELEASED FROM LOCKUP -> released_date , BOND AMT -> bond_amount , BOND TYPE -> bond_type , BOND_DATE -> bond_date
ROWID column inserted
Values of fbi_code copied to crime_code
Adding column by exec("self._data["first_name"] = self._data["first_name"].fillna("").str.replace("JR III", "JRIII")")
Column 'ROWID' was not cleaned.
Column 'arrest_id' was not cleaned.
Column 'charge_code' was not cleaned.
Column 'arrest_event' was not cleaned.
Column 'age' cleaned as age using GeneralCleaners.
Column 'gender' cleaned as gender using GeneralCleaners.
[nan] values not in gender_types.yaml file. 13 cases replaced with 'nan'
Column 'race' cleaned as race using GeneralCleaners.
['UNKNOWN', nan] values not in race_types.yaml file. 222 cases replaced with 'nan'
Column 'cb_no' was not cleaned.
Column 'fbi_code' was not cleaned.
Column 'arrest_hour' was not cleaned.
Column 'street_number' was not cleaned.
Column 'direction' was not cleaned.
Column 'street_name' was not cleaned.
Column 'beat' was not cleaned.
Column 'district' was not cleaned.
Column 'area' was not cleaned.
Column 'charge_id' was not cleaned.
Column 'statute' was not cleaned.
Column 'statute_description' was not cleaned.
Column 'released_date' cleaned as date using DateTimeCleaners.
Column 'bond_amount' was not cleaned.
Column 'bond_type' was not cleaned.
Column 'bond_date' cleaned as date using DateTimeCleaners.
Column 'crime_code' cleaned as crime using GeneralCleaners.
[nan] values not in crime_types.yaml file. 11 cases replaced with 'nan'
Column(s) '('first_name', 'last_name', 'middle_initial')' cleaned as name(s) using NameCleaners.
Columns dropped due to all NA values: ('age', 'middle_initial', 'second_name', 'suffix_name', 'middle_name', 'middle_initial2', 'first_name_NS', 'last_name', 'human_name', 'released_date', 'full_name', 'last_name_NS', 'first_name')
Adding column by exec("self._data["year"] = 2002")
11 rows dropped by dropna: {'thresh': 7}
Beginning import_data from file(s): input/12181-FOIA-P058944-Arrests2003-StecklowRubeinstein_sterilized.xlsx
Skipping first 5 rows
Dropped 13 all nan rows
Data shape = 196591 rows, 26 columns
ARREST ID -> arrest_id , CHARGE CODE -> charge_code , ARREST EVENT -> arrest_event , FIRST NAME -> first_name , LAST NAME -> last_name , Middle Initial -> middle_initial , AGE -> age , SEX -> gender , RACE -> race , PHOTOGRAPHED DATE -> photographed_date , CB NO -> cb_no , FBI CODE -> fbi_code , HOUR -> arrest_hour , ST Number -> street_number , DIR -> direction , STREET NAME -> street_name , BEAT -> beat , DISTRICT -> district , AREA -> area , ARREST CHARGE ID -> charge_id , STATUTE -> statute , STATUE DESCRIPTION -> statute_description , RELEASED FROM LOCKUP -> released_date , BOND AMT -> bond_amount , BOND TYPE -> bond_type , BOND DATE -> bond_date
ROWID column inserted
Values of fbi_code copied to crime_code
Adding column by exec("self._data["first_name"] = self._data["first_name"].fillna("").str.replace("JR III", "JRIII")")
Column 'ROWID' was not cleaned.
Column 'arrest_id' was not cleaned.
Column 'charge_code' was not cleaned.
Column 'arrest_event' was not cleaned.
Column 'age' cleaned as age using GeneralCleaners.
Column 'gender' cleaned as gender using GeneralCleaners.
['X', nan] values not in gender_types.yaml file. 12 cases replaced with 'nan'
Column 'race' cleaned as race using GeneralCleaners.
['UNKNOWN', nan] values not in race_types.yaml file. 224 cases replaced with 'nan'
Column 'photographed_date' was not cleaned.
Column 'cb_no' was not cleaned.
Column 'fbi_code' was not cleaned.
Column 'arrest_hour' was not cleaned.
Column 'street_number' was not cleaned.
Column 'direction' was not cleaned.
Column 'street_name' was not cleaned.
Column 'beat' was not cleaned.
Column 'district' was not cleaned.
Column 'area' was not cleaned.
Column 'charge_id' was not cleaned.
Column 'statute' was not cleaned.
Column 'statute_description' was not cleaned.
Column 'released_date' cleaned as date using DateTimeCleaners.
Column 'bond_amount' was not cleaned.
Column 'bond_type' was not cleaned.
Column 'bond_date' cleaned as date using DateTimeCleaners.
Column 'crime_code' cleaned as crime using GeneralCleaners.
[nan] values not in crime_types.yaml file. 10 cases replaced with 'nan'
Column(s) '('first_name', 'last_name', 'middle_initial')' cleaned as name(s) using NameCleaners.
Columns dropped due to all NA values: ('age', 'second_name', 'suffix_name', 'middle_name', 'middle_initial2', 'first_name_NS', 'last_name', 'human_name', 'full_name', 'last_name_NS', 'first_name')
Adding column by exec("self._data["year"] = 2003")
10 rows dropped by dropna: {'thresh': 7}
Beginning import_data from file(s): input/12181-FOIA-P058944-Arrests2004-StecklowRubeinstein_sterilized.xlsx
Skipping first 5 rows
Dropped 10 all nan rows
Data shape = 200593 rows, 25 columns
ARREST ID -> arrest_id , CHARGE CODE -> charge_code , ARREST EVENT -> arrest_event , FIRST NAME -> first_name , LAST NAME -> last_name , Middle Initial -> middle_initial , AGE -> age , SEX -> gender , RACE -> race , CB NO -> cb_no , FBI CODE -> fbi_code , HOUR -> arrest_hour , St Number -> street_number , DIR -> direction , STREET NAME -> street_name , BEAT -> beat , DISTRICT -> district , AREA -> area , ARREST CHARGE ID -> charge_id , STATUTE -> statute , STATUE DESCRIPTION -> statute_description , RELEASED FROM LOCKUP -> released_date , BOND AMT -> bond_amount , BOND TYPE -> bond_type , BOND_DATE -> bond_date
ROWID column inserted
Values of fbi_code copied to crime_code
Adding column by exec("self._data["first_name"] = self._data["first_name"].fillna("").str.replace("JR III", "JRIII")")
Column 'ROWID' was not cleaned.
Column 'arrest_id' was not cleaned.
Column 'charge_code' was not cleaned.
Column 'arrest_event' was not cleaned.
Column 'age' cleaned as age using GeneralCleaners.
Column 'gender' cleaned as gender using GeneralCleaners.
['X', nan] values not in gender_types.yaml file. 18 cases replaced with 'nan'
Column 'race' cleaned as race using GeneralCleaners.
['UNKNOWN', nan] values not in race_types.yaml file. 241 cases replaced with 'nan'
Column 'cb_no' was not cleaned.
Column 'fbi_code' was not cleaned.
Column 'arrest_hour' was not cleaned.
Column 'street_number' was not cleaned.
Column 'direction' was not cleaned.
Column 'street_name' was not cleaned.
Column 'beat' was not cleaned.
Column 'district' was not cleaned.
Column 'area' was not cleaned.
Column 'charge_id' was not cleaned.
Column 'statute' was not cleaned.
Column 'statute_description' was not cleaned.
Column 'released_date' cleaned as date using DateTimeCleaners.
Column 'bond_amount' was not cleaned.
Column 'bond_type' was not cleaned.
Column 'bond_date' cleaned as date using DateTimeCleaners.
Column 'crime_code' cleaned as crime using GeneralCleaners.
[nan] values not in crime_types.yaml file. 8 cases replaced with 'nan'
Column(s) '('first_name', 'last_name', 'middle_initial')' cleaned as name(s) using NameCleaners.
Columns dropped due to all NA values: ('age', 'middle_initial', 'second_name', 'suffix_name', 'middle_name', 'middle_initial2', 'first_name_NS', 'last_name', 'human_name', 'full_name', 'last_name_NS', 'first_name')
Adding column by exec("self._data["year"] = 2004")
8 rows dropped by dropna: {'thresh': 7}
Beginning import_data from file(s): input/12181-FOIA-P058944-Arrests2005-StecklowRubeinstein_sterilized.xlsx
Skipping first 5 rows
Dropped 10 all nan rows
Data shape = 194189 rows, 25 columns
ARREST ID -> arrest_id , CHARGE CODE -> charge_code , ARREST EVENT -> arrest_event , FIRST NAME -> first_name , LAST NAME -> last_name , Middle Initial -> middle_initial , AGE -> age , SEX -> gender , RACE -> race , CB NO -> cb_no , FBI CODE -> fbi_code , HOUR -> arrest_hour , St Number -> street_number , DIR -> direction , STREET NAME -> street_name , BEAT -> beat , DISTRICT -> district , AREA -> area , ARREST CHARGE ID -> charge_id , STATUTE -> statute , STATUE DESCRIPTION -> statute_description , RELEASED FROM LOCKUP -> released_date , BOND AMT -> bond_amount , BOND TYPE -> bond_type , BOND DATE -> bond_date
ROWID column inserted
Values of fbi_code copied to crime_code
Adding column by exec("self._data["first_name"] = self._data["first_name"].fillna("").str.replace("JR III", "JRIII")")
Column 'ROWID' was not cleaned.
Column 'arrest_id' was not cleaned.
Column 'charge_code' was not cleaned.
Column 'arrest_event' was not cleaned.
Column 'age' cleaned as age using GeneralCleaners.
Column 'gender' cleaned as gender using GeneralCleaners.
['X', nan] values not in gender_types.yaml file. 19 cases replaced with 'nan'
Column 'race' cleaned as race using GeneralCleaners.
['UNKNOWN', nan] values not in race_types.yaml file. 255 cases replaced with 'nan'
Column 'cb_no' was not cleaned.
Column 'fbi_code' was not cleaned.
Column 'arrest_hour' was not cleaned.
Column 'street_number' was not cleaned.
Column 'direction' was not cleaned.
Column 'street_name' was not cleaned.
Column 'beat' was not cleaned.
Column 'district' was not cleaned.
Column 'area' was not cleaned.
Column 'charge_id' was not cleaned.
Column 'statute' was not cleaned.
Column 'statute_description' was not cleaned.
Column 'released_date' cleaned as date using DateTimeCleaners.
Column 'bond_amount' was not cleaned.
Column 'bond_type' was not cleaned.
Column 'bond_date' cleaned as date using DateTimeCleaners.
Column 'crime_code' cleaned as crime using GeneralCleaners.
[nan] values not in crime_types.yaml file. 7 cases replaced with 'nan'
Column(s) '('first_name', 'last_name', 'middle_initial')' cleaned as name(s) using NameCleaners.
Columns dropped due to all NA values: ('age', 'second_name', 'suffix_name', 'middle_name', 'middle_initial2', 'first_name_NS', 'last_name', 'human_name', 'full_name', 'last_name_NS', 'first_name')
Adding column by exec("self._data["year"] = 2005")
7 rows dropped by dropna: {'thresh': 7}
Beginning import_data from file(s): input/12181-FOIA-P058944-Arrests2006-StecklowRubeinstein_sterilized.xlsx
Skipping first 5 rows
Dropped 11 all nan rows
Data shape = 288196 rows, 25 columns
ARREST ID -> arrest_id , CHARGE CODE -> charge_code , ARREST EVENT -> arrest_event , FIRST NAME -> first_name , LAST NAME -> last_name , Middle Initial -> middle_initial , AGE -> age , SEX -> gender , RACE -> race , CB NO -> cb_no , FBI CODE -> fbi_code , HOUR -> arrest_hour , STREET NUMBER -> street_number , DIR -> direction , STREET NAME -> street_name , BEAT -> beat , DISTRICT -> district , AREA -> area , ARREST CHARGE ID -> charge_id , STATUTE -> statute , STATUE DESCRIPTION -> statute_description , RELEASED FROM LOCKUP -> released_date , BOND AMT -> bond_amount , BOND TYPE -> bond_type , BOND DATE -> bond_date
ROWID column inserted
Values of fbi_code copied to crime_code
Adding column by exec("self._data["first_name"] = self._data["first_name"].fillna("").str.replace("JR III", "JRIII")")
Column 'ROWID' was not cleaned.
Column 'arrest_id' was not cleaned.
Column 'charge_code' was not cleaned.
Column 'arrest_event' was not cleaned.
Column 'age' cleaned as age using GeneralCleaners.
Column 'gender' cleaned as gender using GeneralCleaners.
['X', nan, 'NOTE: DATA ARE ACCURATE AS OF', 'PRINTED DATE AND TIME.'] values not in gender_types.yaml file. 40 cases replaced with 'nan'
Column 'race' cleaned as race using GeneralCleaners.
['UNKNOWN', nan] values not in race_types.yaml file. 592 cases replaced with 'nan'
Column 'cb_no' was not cleaned.
Column 'fbi_code' was not cleaned.
Column 'arrest_hour' was not cleaned.
Column 'street_number' was not cleaned.
Column 'direction' was not cleaned.
Column 'street_name' was not cleaned.
Column 'beat' was not cleaned.
Column 'district' was not cleaned.
Column 'area' was not cleaned.
Column 'charge_id' was not cleaned.
Column 'statute' was not cleaned.
Column 'statute_description' was not cleaned.
Column 'released_date' cleaned as date using DateTimeCleaners.
Column 'bond_amount' was not cleaned.
Column 'bond_type' was not cleaned.
Column 'bond_date' cleaned as date using DateTimeCleaners.
Column 'crime_code' cleaned as crime using GeneralCleaners.
[nan] values not in crime_types.yaml file. 1665 cases replaced with 'nan'
Column(s) '('first_name', 'last_name', 'middle_initial')' cleaned as name(s) using NameCleaners.
Columns dropped due to all NA values: ('age', 'middle_initial', 'second_name', 'suffix_name', 'middle_name', 'middle_initial2', 'first_name_NS', 'last_name', 'human_name', 'full_name', 'last_name_NS', 'first_name')
Adding column by exec("self._data["year"] = 2006")
10 rows dropped by dropna: {'thresh': 7}
Beginning import_data from file(s): input/12181-FOIA-P058944-Arrests2007-StecklowRubeinstein_sterilized.xlsx
Skipping first 5 rows
Dropped 11 all nan rows
Data shape = 183977 rows, 25 columns
ARREST ID -> arrest_id , CHARGE CODE -> charge_code , ARREST EVENT -> arrest_event , FIRST NAME -> first_name , LAST NAME -> last_name , Middle Initial -> middle_initial , AGE -> age , SEX -> gender , RACE -> race , CB NO -> cb_no , FBI CODE -> fbi_code , HOUR -> arrest_hour , St Number -> street_number , DIR -> direction , STREET NAME -> street_name , BEAT -> beat , DISTRICT -> district , AREA -> area , ARREST CHARGE ID -> charge_id , STATUTE -> statute , STATUE DESCRIPTION -> statute_description , RELEASED FROM LOCKUP -> released_date , BOND AMT -> bond_amount , BOND TYPE -> bond_type , BOND DATE -> bond_date
ROWID column inserted
Values of fbi_code copied to crime_code
Adding column by exec("self._data["first_name"] = self._data["first_name"].fillna("").str.replace("JR III", "JRIII")")
Column 'ROWID' was not cleaned.
Column 'arrest_id' was not cleaned.
Column 'charge_code' was not cleaned.
Column 'arrest_event' was not cleaned.
Column 'age' cleaned as age using GeneralCleaners.
Column 'gender' cleaned as gender using GeneralCleaners.
['X', nan] values not in gender_types.yaml file. 28 cases replaced with 'nan'
Column 'race' cleaned as race using GeneralCleaners.
['UNKNOWN', nan] values not in race_types.yaml file. 292 cases replaced with 'nan'
Column 'cb_no' was not cleaned.
Column 'fbi_code' was not cleaned.
Column 'arrest_hour' was not cleaned.
Column 'street_number' was not cleaned.
Column 'direction' was not cleaned.
Column 'street_name' was not cleaned.
Column 'beat' was not cleaned.
Column 'district' was not cleaned.
Column 'area' was not cleaned.
Column 'charge_id' was not cleaned.
Column 'statute' was not cleaned.
Column 'statute_description' was not cleaned.
Column 'released_date' cleaned as date using DateTimeCleaners.
Column 'bond_amount' was not cleaned.
Column 'bond_type' was not cleaned.
Column 'bond_date' cleaned as date using DateTimeCleaners.
Column 'crime_code' cleaned as crime using GeneralCleaners.
[nan] values not in crime_types.yaml file. 10 cases replaced with 'nan'
Column(s) '('first_name', 'last_name', 'middle_initial')' cleaned as name(s) using NameCleaners.
Columns dropped due to all NA values: ('age', 'middle_initial', 'second_name', 'suffix_name', 'middle_name', 'middle_initial2', 'first_name_NS', 'last_name', 'human_name', 'full_name', 'last_name_NS', 'first_name')
Adding column by exec("self._data["year"] = 2007")
10 rows dropped by dropna: {'thresh': 7}
Beginning import_data from file(s): input/12181-FOIA-P058944-Arrests2008-StecklowRubeinstein_sterilized.xlsx
Skipping first 5 rows
Dropped 11 all nan rows
Data shape = 160654 rows, 25 columns
ARREST ID -> arrest_id , CHARGE CODE -> charge_code , ARREST EVENT -> arrest_event , FIRST NAME -> first_name , LAST NAME -> last_name , Middle Initial -> middle_initial , AGE -> age , SEX -> gender , RACE -> race , CB NO -> cb_no , FBI CODE -> fbi_code , HOUR -> arrest_hour , St Number -> street_number , DIR -> direction , STREET NAME -> street_name , BEAT -> beat , DISTRICT -> district , AREA -> area , ARREST CHARGE ID -> charge_id , STATUTE -> statute , STATUE DESCRIPTION -> statute_description , RELEASED FROM LOCKUP -> released_date , BOND AMT -> bond_amount , BOND TYPE -> bond_type , BOND DATE -> bond_date
ROWID column inserted
Values of fbi_code copied to crime_code
Adding column by exec("self._data["first_name"] = self._data["first_name"].fillna("").str.replace("JR III", "JRIII")")
Column 'ROWID' was not cleaned.
Column 'arrest_id' was not cleaned.
Column 'charge_code' was not cleaned.
Column 'arrest_event' was not cleaned.
Column 'age' cleaned as age using GeneralCleaners.
Column 'gender' cleaned as gender using GeneralCleaners.
['X', nan, 'NOTE: DATA ARE ACCURATE AS OF', 'PRINTED DATE AND TIME.'] values not in gender_types.yaml file. 28 cases replaced with 'nan'
Column 'race' cleaned as race using GeneralCleaners.
['UNKNOWN', nan] values not in race_types.yaml file. 256 cases replaced with 'nan'
Column 'cb_no' was not cleaned.
Column 'fbi_code' was not cleaned.
Column 'arrest_hour' was not cleaned.
Column 'street_number' was not cleaned.
Column 'direction' was not cleaned.
Column 'street_name' was not cleaned.
Column 'beat' was not cleaned.
Column 'district' was not cleaned.
Column 'area' was not cleaned.
Column 'charge_id' was not cleaned.
Column 'statute' was not cleaned.
Column 'statute_description' was not cleaned.
Column 'released_date' cleaned as date using DateTimeCleaners.
Column 'bond_amount' was not cleaned.
Column 'bond_type' was not cleaned.
Column 'bond_date' cleaned as date using DateTimeCleaners.
Column 'crime_code' cleaned as crime using GeneralCleaners.
[nan] values not in crime_types.yaml file. 10 cases replaced with 'nan'
Column(s) '('first_name', 'last_name', 'middle_initial')' cleaned as name(s) using NameCleaners.
Columns dropped due to all NA values: ('age', 'middle_initial', 'second_name', 'suffix_name', 'middle_name', 'middle_initial2', 'first_name_NS', 'last_name', 'human_name', 'full_name', 'last_name_NS', 'first_name')
Adding column by exec("self._data["year"] = 2008")
10 rows dropped by dropna: {'thresh': 7}
Beginning import_data from file(s): input/12181-FOIA-P058944-Arrests2009-StecklowRubeinstein_sterilized.xlsx
Skipping first 5 rows
Dropped 11 all nan rows
Data shape = 148263 rows, 25 columns
ARREST ID -> arrest_id , CHARGE CODE -> charge_code , ARREST EVENT -> arrest_event , FIRST NAME -> first_name , LAST NAME -> last_name , Middle Initial -> middle_initial , AGE -> age , SEX -> gender , RACE -> race , CB NO -> cb_no , FBI CODE -> fbi_code , HOUR -> arrest_hour , St Number -> street_number , DIR -> direction , STREET NAME -> street_name , BEAT -> beat , DISTRICT -> district , AREA -> area , ARREST CHARGE ID -> charge_id , STATUTE -> statute , STATUE DESCRIPTION -> statute_description , RELEASED FROM LOCKUP -> released_date , BOND AMT -> bond_amount , BOND TYPE -> bond_type , BOND DATE -> bond_date
ROWID column inserted
Values of fbi_code copied to crime_code
Adding column by exec("self._data["first_name"] = self._data["first_name"].fillna("").str.replace("JR III", "JRIII")")
Column 'ROWID' was not cleaned.
Column 'arrest_id' was not cleaned.
Column 'charge_code' was not cleaned.
Column 'arrest_event' was not cleaned.
Column 'age' cleaned as age using GeneralCleaners.
Column 'gender' cleaned as gender using GeneralCleaners.
['X', nan] values not in gender_types.yaml file. 24 cases replaced with 'nan'
Column 'race' cleaned as race using GeneralCleaners.
['UNKNOWN', nan, 'NOTE: DATA ARE ACCURATE AS OF', 'PRINTED DATE AND TIME.'] values not in race_types.yaml file. 219 cases replaced with 'nan'
Column 'cb_no' was not cleaned.
Column 'fbi_code' was not cleaned.
Column 'arrest_hour' was not cleaned.
Column 'street_number' was not cleaned.
Column 'direction' was not cleaned.
Column 'street_name' was not cleaned.
Column 'beat' was not cleaned.
Column 'district' was not cleaned.
Column 'area' was not cleaned.
Column 'charge_id' was not cleaned.
Column 'statute' was not cleaned.
Column 'statute_description' was not cleaned.
Column 'released_date' cleaned as date using DateTimeCleaners.
Column 'bond_amount' was not cleaned.
Column 'bond_type' was not cleaned.
Column 'bond_date' cleaned as date using DateTimeCleaners.
Column 'crime_code' cleaned as crime using GeneralCleaners.
[nan] values not in crime_types.yaml file. 10 cases replaced with 'nan'
Column(s) '('first_name', 'last_name', 'middle_initial')' cleaned as name(s) using NameCleaners.
Columns dropped due to all NA values: ('age', 'middle_initial', 'second_name', 'suffix_name', 'middle_name', 'middle_initial2', 'first_name_NS', 'last_name', 'human_name', 'full_name', 'last_name_NS', 'first_name')
Adding column by exec("self._data["year"] = 2009")
10 rows dropped by dropna: {'thresh': 7}
Beginning import_data from file(s): input/2010 arrests export-rev_sterilized.csv
Skipping first 5 rows
Dropped 7 all nan rows
Data shape = 138301 rows, 26 columns
ARREST ID -> arrest_id , STATUTE -> statute , STATUTE DESCRIPTION -> statute_description , ARREST EVENT ID -> arrest_event_id , LAST NAME -> last_name , FIRST NAME -> first_name , MIDDLE INITIAL -> middle_initial , AGE -> age , GENDER -> gender , (CASEWHENR.CDIN('S','WWH','WBH')THEN'HISPANIC'ELSER.DESCREND) -> race , CB NUM. -> cb_no , FBI CODE -> fbi_code , ARREST HOUR -> arrest_hour , CONCAT(SUBSTR(AR.STREET_NO,1,LENGTH(AR.STREET_NO)-2),'XX') -> street_number , DIR -> direction , ST NAME -> street_name , BEAT -> beat , DISTRICT -> district , AREA -> area , CHARGE ID -> charge_id , ARREST DATE -> arrest_date , RELEASED DATE -> released_date , BOND AMOUNT -> bond_amount , BOND TYPE -> bond_type , BOND DATE -> bond_date , COUNT(AR.CB_NO) -> arrest_total
ROWID column inserted
Values of fbi_code copied to crime_code
Adding column by exec("self._data["first_name"] = self._data["first_name"].fillna("").str.replace("JR III", "JRIII")")
Column 'ROWID' was not cleaned.
Column 'arrest_id' was not cleaned.
Column 'statute' was not cleaned.
Column 'statute_description' was not cleaned.
Column 'arrest_event_id' was not cleaned.
Column 'age' cleaned as age using GeneralCleaners.
Column 'gender' cleaned as gender using GeneralCleaners.
['X', nan] values not in gender_types.yaml file. 28 cases replaced with 'nan'
Column 'race' cleaned as race using GeneralCleaners.
['UNKNOWN', nan, 'NOTE: DATA ARE ACCURATE AS OF', 'PRINTED DATE AND TIME.'] values not in race_types.yaml file. 217 cases replaced with 'nan'
Column 'cb_no' was not cleaned.
Column 'fbi_code' was not cleaned.
Column 'arrest_hour' was not cleaned.
Column 'street_number' was not cleaned.
Column 'direction' was not cleaned.
Column 'street_name' was not cleaned.
Column 'beat' was not cleaned.
Column 'district' was not cleaned.
Column 'area' was not cleaned.
Column 'charge_id' was not cleaned.
Column 'arrest_date' cleaned as date using DateTimeCleaners.
Column 'released_date' cleaned as date using DateTimeCleaners.
Column 'bond_amount' was not cleaned.
Column 'bond_type' was not cleaned.
Column 'bond_date' cleaned as date using DateTimeCleaners.
Column 'arrest_total' was not cleaned.
Column 'crime_code' cleaned as crime using GeneralCleaners.
[nan] values not in crime_types.yaml file. 13 cases replaced with 'nan'
Column(s) '('last_name', 'first_name', 'middle_initial')' cleaned as name(s) using NameCleaners.
Columns dropped due to all NA values: ('age', 'middle_initial', 'second_name', 'suffix_name', 'middle_name', 'middle_initial2', 'first_name_NS', 'last_name', 'human_name', 'full_name', 'last_name_NS', 'first_name')
Adding column by exec("self._data["year"] = 2010")
13 rows dropped by dropna: {'thresh': 7}
Beginning import_data from file(s): input/2011 arrests export_sterilized.csv
Skipping first 5 rows
Dropped 8 all nan rows
Data shape = 126356 rows, 26 columns
ARREST DATE -> arrest_date , ARREST ID -> arrest_id , STATUTE -> statute , STATUTE DESCRIPTION -> statute_description , ARREST EVENT ID -> arrest_event_id , LAST NAME -> last_name , FIRST NAME -> first_name , MIDDLE INITIAL -> middle_initial , AGE -> age , GENDER -> gender , RACE -> race , CB NUM. -> cb_no , FBI CODE -> fbi_code , ARREST HOUR -> arrest_hour , ST NUM -> street_number , DIR -> direction , ST NAME -> street_name , BEAT -> beat , DISTRICT -> district , AREA -> area , CHARGE ID -> charge_id , RELEASED DATE -> released_date , BOND AMOUNT -> bond_amount , BOND TYPE -> bond_type , BOND DATE -> bond_date , TOTAL -> arrest_total
ROWID column inserted
Values of fbi_code copied to crime_code
Adding column by exec("self._data["first_name"] = self._data["first_name"].fillna("").str.replace("JR III", "JRIII")")
Column 'ROWID' was not cleaned.
Column 'arrest_date' cleaned as date using DateTimeCleaners.
Column 'arrest_id' was not cleaned.
Column 'statute' was not cleaned.
Column 'statute_description' was not cleaned.
Column 'arrest_event_id' was not cleaned.
Column 'age' cleaned as age using GeneralCleaners.
Column 'gender' cleaned as gender using GeneralCleaners.
['X', nan] values not in gender_types.yaml file. 19 cases replaced with 'nan'
Column 'race' cleaned as race using GeneralCleaners.
['UNKNOWN', nan] values not in race_types.yaml file. 167 cases replaced with 'nan'
Column 'cb_no' was not cleaned.
Column 'fbi_code' was not cleaned.
Column 'arrest_hour' was not cleaned.
Column 'street_number' was not cleaned.
Column 'direction' was not cleaned.
Column 'street_name' was not cleaned.
Column 'beat' was not cleaned.
Column 'district' was not cleaned.
Column 'area' was not cleaned.
Column 'charge_id' was not cleaned.
Column 'released_date' cleaned as date using DateTimeCleaners.
Column 'bond_amount' was not cleaned.
Column 'bond_type' was not cleaned.
Column 'bond_date' cleaned as date using DateTimeCleaners.
Column 'arrest_total' was not cleaned.
Column 'crime_code' cleaned as crime using GeneralCleaners.
[nan] values not in crime_types.yaml file. 13 cases replaced with 'nan'
Column(s) '('last_name', 'first_name', 'middle_initial')' cleaned as name(s) using NameCleaners.
Columns dropped due to all NA values: ('age', 'second_name', 'suffix_name', 'middle_name', 'middle_initial2', 'first_name_NS', 'last_name', 'human_name', 'full_name', 'last_name_NS', 'first_name')
Adding column by exec("self._data["year"] = 2011")
13 rows dropped by dropna: {'thresh': 7}
Beginning import_data from file(s): input/2012 arrests export_sterilized.csv
Skipping first 5 rows
Dropped 7 all nan rows
Data shape = 121537 rows, 26 columns
ARREST DATE -> arrest_date , ARREST ID -> arrest_id , STATUTE -> statute , STATUTE DESCRIPTION -> statute_description , ARREST EVENT ID -> arrest_event_id , LAST NAME -> last_name , FIRST NAME -> first_name , MIDDLE INITIAL -> middle_initial , AGE -> age , GENDER -> gender , (CASEWHENR.CDIN('S','WWH','WBH')THEN'HISPANIC'ELSER.DESCREND) -> race , CB NUM. -> cb_no , FBI CODE -> fbi_code , ARREST HOUR -> arrest_hour , STREET NUMBER -> street_number , DIR -> direction , ST NAME -> street_name , BEAT -> beat , DISTRICT -> district , AREA -> area , CHARGE ID -> charge_id , RELEASED DATE -> released_date , BOND AMOUNT -> bond_amount , BOND TYPE -> bond_type , BOND DATE -> bond_date , COUNT -> arrest_total
ROWID column inserted
Values of fbi_code copied to crime_code
Adding column by exec("self._data["first_name"] = self._data["first_name"].fillna("").str.replace("JR III", "JRIII")")
Column 'ROWID' was not cleaned.
Column 'arrest_date' cleaned as date using DateTimeCleaners.
Column 'arrest_id' was not cleaned.
Column 'statute' was not cleaned.
Column 'statute_description' was not cleaned.
Column 'arrest_event_id' was not cleaned.
Column 'age' cleaned as age using GeneralCleaners.
Column 'gender' cleaned as gender using GeneralCleaners.
['X', nan] values not in gender_types.yaml file. 20 cases replaced with 'nan'
Column 'race' cleaned as race using GeneralCleaners.
['UNKNOWN', nan, 'NOTE: DATA ARE ACCURATE AS OF', 'PRINTED DATE AND TIME.'] values not in race_types.yaml file. 188 cases replaced with 'nan'
Column 'cb_no' was not cleaned.
Column 'fbi_code' was not cleaned.
Column 'arrest_hour' was not cleaned.
Column 'street_number' was not cleaned.
Column 'direction' was not cleaned.
Column 'street_name' was not cleaned.
Column 'beat' was not cleaned.
Column 'district' was not cleaned.
Column 'area' was not cleaned.
Column 'charge_id' was not cleaned.
Column 'released_date' cleaned as date using DateTimeCleaners.
Column 'bond_amount' was not cleaned.
Column 'bond_type' was not cleaned.
Column 'bond_date' cleaned as date using DateTimeCleaners.
Column 'arrest_total' was not cleaned.
Column 'crime_code' cleaned as crime using GeneralCleaners.
[nan] values not in crime_types.yaml file. 13 cases replaced with 'nan'
Column(s) '('last_name', 'first_name', 'middle_initial')' cleaned as name(s) using NameCleaners.
Columns dropped due to all NA values: ('age', 'middle_initial', 'second_name', 'suffix_name', 'middle_name', 'middle_initial2', 'first_name_NS', 'last_name', 'human_name', 'full_name', 'last_name_NS', 'first_name')
Adding column by exec("self._data["year"] = 2012")
13 rows dropped by dropna: {'thresh': 7}
Beginning import_data from file(s): input/2013 arrests export_sterilized.csv
Skipping first 6 rows
Dropped 6 all nan rows
Data shape = 121073 rows, 26 columns
ARREST DATE -> arrest_date , ARREST ID -> arrest_id , STATUTE -> statute , STATUTE DESCRIPTION -> statute_description , ARREST EVENT ID -> arrest_event_id , LAST NAME -> last_name , FIRST NAME -> first_name , MIDDLE INITIAL -> middle_initial , AGE -> age , GENDER -> gender , RACE -> race , CB NUM. -> cb_no , FBI CODE -> fbi_code , ARREST HOUR -> arrest_hour , STREET NUMBER -> street_number , DIR -> direction , STREET NAME -> street_name , BEAT -> beat , DISTRICT -> district , AREA -> area , CHARGE ID -> charge_id , RELEASED DATE -> released_date , BOND AMOUNT -> bond_amount , BOND TYPE -> bond_type , BOND DATE -> bond_date , COUNT -> arrest_total
ROWID column inserted
Values of fbi_code copied to crime_code
Adding column by exec("self._data["first_name"] = self._data["first_name"].fillna("").str.replace("JR III", "JRIII")")
Column 'ROWID' was not cleaned.
Column 'arrest_date' cleaned as date using DateTimeCleaners.
Some errors in arrest_date. Returned as NaT:
 365    Source: CLEARDW: ARREST_ALL,   CHARGE_CODES,  ...
366    Note 1: If there is no data in any of the cell...
367    Note 2: The data above does not include juveni...
368    Note 3: The following categories are not avail...
369                         Request 11905/FOIA P062572 :
370    For every arrest between January 1, 2010 and t...
371    1) Arrest ID, 2) Charge Code, 3) Arrest Event ...
372                                            Approved:
373                               Karen Conway, Director
374                    Research and Development Division
375                            CHICAGO POLICE DEPARTMENT
376                    RESEARCH and DEVELOPMENT DIVISION
377                        RESEARCH and ANALYSIS SECTION
Name: arrest_date, dtype: object.
Column 'arrest_id' was not cleaned.
Column 'statute' was not cleaned.
Column 'statute_description' was not cleaned.
Column 'arrest_event_id' was not cleaned.
Column 'age' cleaned as age using GeneralCleaners.
Column 'gender' cleaned as gender using GeneralCleaners.
['X', nan] values not in gender_types.yaml file. 19 cases replaced with 'nan'
Column 'race' cleaned as race using GeneralCleaners.
['UNKNOWN', nan] values not in race_types.yaml file. 244 cases replaced with 'nan'
Column 'cb_no' was not cleaned.
Column 'fbi_code' was not cleaned.
Column 'arrest_hour' was not cleaned.
Column 'street_number' was not cleaned.
Column 'direction' was not cleaned.
Column 'street_name' was not cleaned.
Column 'beat' was not cleaned.
Column 'district' was not cleaned.
Column 'area' was not cleaned.
Column 'charge_id' was not cleaned.
Column 'released_date' cleaned as date using DateTimeCleaners.
Column 'bond_amount' was not cleaned.
Column 'bond_type' was not cleaned.
Column 'bond_date' cleaned as date using DateTimeCleaners.
Column 'arrest_total' was not cleaned.
Column 'crime_code' cleaned as crime using GeneralCleaners.
[nan] values not in crime_types.yaml file. 13 cases replaced with 'nan'
Column(s) '('last_name', 'first_name', 'middle_initial')' cleaned as name(s) using NameCleaners.
Columns dropped due to all NA values: ('age', 'middle_initial', 'second_name', 'suffix_name', 'middle_name', 'middle_initial2', 'first_name_NS', 'last_name', 'human_name', 'full_name', 'last_name_NS', 'first_name')
Adding column by exec("self._data["year"] = 2013")
13 rows dropped by dropna: {'thresh': 7}
Beginning import_data from file(s): input/2014 arrests export_sterilized.csv
Skipping first 5 rows
Dropped 6 all nan rows
Data shape = 110547 rows, 26 columns
ARREST DATE -> arrest_date , ARREST ID -> arrest_id , STATUTE -> statute , STATUTE DESCRIPTION -> statute_description , ARREST EVENT ID -> arrest_event_id , LAST NAME -> last_name , FIRST NAME -> first_name , MIDDLE INITIAL -> middle_initial , AGE -> age , GENDER -> gender , RACE -> race , CB NUMBER -> cb_no , FBI CODE -> fbi_code , ARREST HOUR -> arrest_hour , STREET NUMBER -> street_number , DIRECTION -> direction , STREET NAME -> street_name , BEAT -> beat , DISTRICT -> district , AREA -> area , CHARGE ID -> charge_id , RELEASED DATE -> released_date , BOND AMOUNT -> bond_amount , BOND TYPE -> bond_type , BOND DATE -> bond_date , COUNT -> arrest_total
ROWID column inserted
Values of fbi_code copied to crime_code
Adding column by exec("self._data["first_name"] = self._data["first_name"].fillna("").str.replace("JR III", "JRIII")")
Column 'ROWID' was not cleaned.
Column 'arrest_date' cleaned as date using DateTimeCleaners.
Column 'arrest_id' was not cleaned.
Column 'statute' was not cleaned.
Column 'statute_description' was not cleaned.
Column 'arrest_event_id' was not cleaned.
Column 'age' cleaned as age using GeneralCleaners.
Column 'gender' cleaned as gender using GeneralCleaners.
['X', nan] values not in gender_types.yaml file. 33 cases replaced with 'nan'
Column 'race' cleaned as race using GeneralCleaners.
['UNKNOWN', nan] values not in race_types.yaml file. 195 cases replaced with 'nan'
Column 'cb_no' was not cleaned.
Column 'fbi_code' was not cleaned.
Column 'arrest_hour' was not cleaned.
Column 'street_number' was not cleaned.
Column 'direction' was not cleaned.
Column 'street_name' was not cleaned.
Column 'beat' was not cleaned.
Column 'district' was not cleaned.
Column 'area' was not cleaned.
Column 'charge_id' was not cleaned.
Column 'released_date' cleaned as date using DateTimeCleaners.
Column 'bond_amount' was not cleaned.
Column 'bond_type' was not cleaned.
Column 'bond_date' cleaned as date using DateTimeCleaners.
Column 'arrest_total' was not cleaned.
Column 'crime_code' cleaned as crime using GeneralCleaners.
[nan] values not in crime_types.yaml file. 13 cases replaced with 'nan'
Column(s) '('last_name', 'first_name', 'middle_initial')' cleaned as name(s) using NameCleaners.
Columns dropped due to all NA values: ('age', 'middle_initial', 'second_name', 'suffix_name', 'middle_name', 'middle_initial2', 'first_name_NS', 'last_name', 'human_name', 'full_name', 'last_name_NS', 'first_name')
Adding column by exec("self._data["year"] = 2014")
13 rows dropped by dropna: {'thresh': 7}
Beginning import_data from file(s): input/2015 arrests export_sterilized.csv
Skipping first 4 rows
Dropped 5 all nan rows
Data shape = 97763 rows, 26 columns
ARREST DATE -> arrest_date , ARREST ID -> arrest_id , STATUTE -> statute , STATUTE DESCRIPTION -> statute_description , ARREST EVENT ID -> arrest_event_id , LAST NAME -> last_name , FIRST NAME -> first_name , MIDDLE INITIAL -> middle_initial , AGE -> age , GENDER -> gender , RACE -> race , CB NUM. -> cb_no , FBI CODE -> fbi_code , ARREST HOUR -> arrest_hour , STREET NAME -> street_name , DIRECTION -> direction , STREET NAME.1 -> street_number , BEAT -> beat , DISTRICT -> district , AREA -> area , CHARGE ID -> charge_id , RELEASED DATE -> released_date , BOND AMOUNT -> bond_amount , BOND TYPE -> bond_type , BOND DATE -> bond_date , COUNT -> arrest_total
ROWID column inserted
Values of fbi_code copied to crime_code
Adding column by exec("self._data["first_name"] = self._data["first_name"].fillna("").str.replace("JR III", "JRIII")")
Column 'ROWID' was not cleaned.
Column 'arrest_date' cleaned as date using DateTimeCleaners.
Column 'arrest_id' was not cleaned.
Column 'statute' was not cleaned.
Column 'statute_description' was not cleaned.
Column 'arrest_event_id' was not cleaned.
Column 'age' cleaned as age using GeneralCleaners.
Column 'gender' cleaned as gender using GeneralCleaners.
['X', nan] values not in gender_types.yaml file. 29 cases replaced with 'nan'
Column 'race' cleaned as race using GeneralCleaners.
['UNKNOWN', nan] values not in race_types.yaml file. 184 cases replaced with 'nan'
Column 'cb_no' was not cleaned.
Column 'fbi_code' was not cleaned.
Column 'arrest_hour' was not cleaned.
Column 'street_name' was not cleaned.
Column 'direction' was not cleaned.
Column 'street_number' was not cleaned.
Column 'beat' was not cleaned.
Column 'district' was not cleaned.
Column 'area' was not cleaned.
Column 'charge_id' was not cleaned.
Column 'released_date' cleaned as date using DateTimeCleaners.
Column 'bond_amount' was not cleaned.
Column 'bond_type' was not cleaned.
Column 'bond_date' cleaned as date using DateTimeCleaners.
Column 'arrest_total' was not cleaned.
Column 'crime_code' cleaned as crime using GeneralCleaners.
[nan] values not in crime_types.yaml file. 14 cases replaced with 'nan'
Column(s) '('last_name', 'first_name', 'middle_initial')' cleaned as name(s) using NameCleaners.
Columns dropped due to all NA values: ('age', 'middle_initial', 'second_name', 'suffix_name', 'middle_name', 'middle_initial2', 'first_name_NS', 'human_name', 'full_name', 'first_name')
Adding column by exec("self._data["year"] = 2015")
14 rows dropped by dropna: {'thresh': 7}
street_name -> street_number , street_number -> street_name
Beginning import_data from file(s): input/2016 arrests export_sterilized.csv
Skipping first 4 rows
Dropped 4 all nan rows
Data shape = 74682 rows, 26 columns
ARREST DATE -> arrest_date , ARREST ID -> arrest_id , STATUTE -> statute , Unnamed: 3 -> statute_description , ARREST EVENT ID -> arrest_event_id , LAST NAME -> last_name , FIRST NAME -> first_name , MIDDLE INITIAL -> middle_initial , AGE -> age , GENDER -> gender , RACE -> race , CB NUMBER -> cb_no , FBI CODE -> fbi_code , ARREST HOUR -> arrest_hour , STREET NUMBER -> street_number , DIR -> direction , STREET NAME -> street_name , BEAT -> beat , DISTRICT -> district , AREA -> area , CHARGE ID -> charge_id , RELEASED DATE -> released_date , BOND AMOUNT -> bond_amount , BOND TYPE -> bond_type , BOND DATE -> bond_date , COUNT -> arrest_total
ROWID column inserted
Values of fbi_code copied to crime_code
Adding column by exec("self._data["first_name"] = self._data["first_name"].fillna("").str.replace("JR III", "JRIII")")
Column 'ROWID' was not cleaned.
Column 'arrest_date' cleaned as date using DateTimeCleaners.
Column 'arrest_id' was not cleaned.
Column 'statute' was not cleaned.
Column 'statute_description' was not cleaned.
Column 'arrest_event_id' was not cleaned.
Column 'age' cleaned as age using GeneralCleaners.
Column 'gender' cleaned as gender using GeneralCleaners.
['X', nan] values not in gender_types.yaml file. 24 cases replaced with 'nan'
Column 'race' cleaned as race using GeneralCleaners.
['UNKNOWN', nan] values not in race_types.yaml file. 135 cases replaced with 'nan'
Column 'cb_no' was not cleaned.
Column 'fbi_code' was not cleaned.
Column 'arrest_hour' was not cleaned.
Column 'street_number' was not cleaned.
Column 'direction' was not cleaned.
Column 'street_name' was not cleaned.
Column 'beat' was not cleaned.
Column 'district' was not cleaned.
Column 'area' was not cleaned.
Column 'charge_id' was not cleaned.
Column 'released_date' cleaned as date using DateTimeCleaners.
Column 'bond_amount' was not cleaned.
Column 'bond_type' was not cleaned.
Column 'bond_date' cleaned as date using DateTimeCleaners.
Column 'arrest_total' was not cleaned.
Column 'crime_code' cleaned as crime using GeneralCleaners.
[nan] values not in crime_types.yaml file. 15 cases replaced with 'nan'
Column(s) '('last_name', 'first_name', 'middle_initial')' cleaned as name(s) using NameCleaners.
Columns dropped due to all NA values: ('age', 'middle_initial', 'second_name', 'suffix_name', 'middle_name', 'middle_initial2', 'first_name_NS', 'human_name', 'full_name', 'first_name')
Adding column by exec("self._data["year"] = 2016")
15 rows dropped by dropna: {'thresh': 7}
Beginning import_data from file(s): input/2017 arrests export_sterilized.csv
Skipping first 4 rows
Dropped 6 all nan rows
Data shape = 34933 rows, 26 columns
ARREST DATE -> arrest_date , ARREST ID -> arrest_id , STATUTE -> statute , STATUTE DESCRIPTION -> statute_description , ARREST EVENT ID -> arrest_event_id , LAST NAME -> last_name , FIRST NAME -> first_name , MIDDLE INITIAL -> middle_initial , AGE -> age , GENDER -> gender , RACE -> race , CB NUM. -> cb_no , FBI CODE -> fbi_code , ARREST HOUR -> arrest_hour , STREET NAME -> street_name , DIRECTION -> direction , STREET NAME.1 -> street_number , BEAT -> beat , DISTRICT -> district , AREA -> area , CHARGE ID -> charge_id , RELEASED DATE -> released_date , BOND AMOUNT -> bond_amount , BOND TYPE -> bond_type , BOND DATE -> bond_date , COUNT -> arrest_total
ROWID column inserted
Values of fbi_code copied to crime_code
Adding column by exec("self._data["first_name"] = self._data["first_name"].fillna("").str.replace("JR III", "JRIII")")
Column 'ROWID' was not cleaned.
Column 'arrest_date' cleaned as date using DateTimeCleaners.
Column 'arrest_id' was not cleaned.
Column 'statute' was not cleaned.
Column 'statute_description' was not cleaned.
Column 'arrest_event_id' was not cleaned.
Column 'age' cleaned as age using GeneralCleaners.
Column 'gender' cleaned as gender using GeneralCleaners.
['X', nan] values not in gender_types.yaml file. 15 cases replaced with 'nan'
Column 'race' cleaned as race using GeneralCleaners.
['UNKNOWN', nan] values not in race_types.yaml file. 67 cases replaced with 'nan'
Column 'cb_no' was not cleaned.
Column 'fbi_code' was not cleaned.
Column 'arrest_hour' was not cleaned.
Column 'street_name' was not cleaned.
Column 'direction' was not cleaned.
Column 'street_number' was not cleaned.
Column 'beat' was not cleaned.
Column 'district' was not cleaned.
Column 'area' was not cleaned.
Column 'charge_id' was not cleaned.
Column 'released_date' cleaned as date using DateTimeCleaners.
Column 'bond_amount' was not cleaned.
Column 'bond_type' was not cleaned.
Column 'bond_date' cleaned as date using DateTimeCleaners.
Column 'arrest_total' was not cleaned.
Column 'crime_code' cleaned as crime using GeneralCleaners.
[nan] values not in crime_types.yaml file. 13 cases replaced with 'nan'
Column(s) '('last_name', 'first_name', 'middle_initial')' cleaned as name(s) using NameCleaners.
Columns dropped due to all NA values: ('age', 'middle_initial', 'second_name', 'suffix_name', 'middle_name', 'middle_initial2', 'first_name_NS', 'last_name', 'human_name', 'full_name', 'last_name_NS', 'first_name')
Adding column by exec("self._data["year"] = 2017")
13 rows dropped by dropna: {'thresh': 7}
street_name -> street_number , street_number -> street_name
Export data
Executing: <function <lambda> at 0x7fc389a4fef0> on cb_no
1 NA values before, now 1
1 rows dropped by filter query: cb_no==cb_no
0 rows dropped by dropna: {'axis': 1, 'how': 'all'}
Writing data with 2579836 rows to output/arrest-info_2001-2017_2017-07.csv.gz
