running src/format.py
Beginning import_data from file(s): input/10655-FOIA-P046360-TRRdata_sterilized.xlsx
Data shape = 201401 rows, 11 columns
TRR_REPORT_ID -> trr_id , STATUS -> status , STATDATETIME -> status_datetime , FIRST_NME -> first_name , LAST_NME -> last_name , STAR -> star , RANK -> rank , SEX -> gender , MEMBERRACE -> race , MEMBERAGE -> age , APPOINTED_DATE -> appointed_date
ROWID column inserted
Column 'ROWID' was not cleaned.
Column 'trr_id' was not cleaned.
Column 'status' was not cleaned.
Column 'status_datetime' cleaned as datetime using DateTimeCleaners.
Column 'star' cleaned as star using GeneralCleaners.
Column 'rank' was not cleaned.
Column 'gender' cleaned as gender using GeneralCleaners.
Column 'race' cleaned as race using GeneralCleaners.
Column 'age' cleaned as age using GeneralCleaners.
Column 'appointed_date' cleaned as date using DateTimeCleaners.
Column(s) '('first_name', 'last_name')' cleaned as name(s) using NameCleaners.
Columns dropped due to all NA values: ('full_name', 'second_name', 'middle_name', 'human_name')
2702 resolved conflicts. 24 unresolved conflicts
Total rows: 201401
Unique id + conflict rows: 13060
Conflict rows: 2726
Resolved conflcit UID count: 2703
Total unique ids: 13037.0

Writing data with 201401 rows to output/TRR-statuses_2004-2016_2016-09.csv.gz with 13037 unique UIDs
